[ 2017-09-08T09:38:02+08:00 ] 127.0.0.1 /admin.php
INFO: [ app_begin ] --START--
INFO: ReadHtmlCache Behavior ::run [ RunTime:0.000000s ]
INFO: [ app_begin ] --END-- [ RunTime:0.000000s ]
INFO: [ view_parse ] --START--
INFO: ParseTemplate Behavior ::run [ RunTime:0.028001s ]
INFO: [ view_parse ] --END-- [ RunTime:0.028001s ]
INFO: [ view_filter ] --START--
INFO: ContentReplace Behavior ::run [ RunTime:0.000000s ]
INFO: TokenBuild Behavior ::run [ RunTime:0.000000s ]
INFO: WriteHtmlCache Behavior ::run [ RunTime:0.000000s ]
INFO: ShowRuntime Behavior ::run [ RunTime:0.001000s ]
INFO: [ view_filter ] --END-- [ RunTime:0.001000s ]
INFO: [ view_end ] --START--
INFO: ShowPageTrace Behavior ::run [ RunTime:0.000000s ]
INFO: [ view_end ] --END-- [ RunTime:0.000000s ]

[ 2017-09-08T09:38:28+08:00 ] 127.0.0.1 /admin.php
INFO: [ app_begin ] --START--
INFO: ReadHtmlCache Behavior ::run [ RunTime:0.000000s ]
INFO: [ app_begin ] --END-- [ RunTime:0.000000s ]
INFO: [ view_parse ] --START--
INFO: ParseTemplate Behavior ::run [ RunTime:0.004000s ]
INFO: [ view_parse ] --END-- [ RunTime:0.004000s ]
INFO: [ view_filter ] --START--
INFO: ContentReplace Behavior ::run [ RunTime:0.000000s ]
INFO: TokenBuild Behavior ::run [ RunTime:0.000000s ]
INFO: WriteHtmlCache Behavior ::run [ RunTime:0.001000s ]
INFO: ShowRuntime Behavior ::run [ RunTime:0.000000s ]
INFO: [ view_filter ] --END-- [ RunTime:0.001000s ]
INFO: [ view_end ] --START--
INFO: ShowPageTrace Behavior ::run [ RunTime:0.000000s ]
INFO: [ view_end ] --END-- [ RunTime:0.000000s ]

[ 2017-09-08T09:38:41+08:00 ] 127.0.0.1 /admin.php/Login/login
INFO: [ route_check ] --START--
INFO: CheckRoute Behavior ::run [ RunTime:0.001000s ]
INFO: [ route_check ] --END-- [ RunTime:0.001000s ]
INFO: [ app_begin ] --START--
INFO: ReadHtmlCache Behavior ::run [ RunTime:0.000000s ]
INFO: [ app_begin ] --END-- [ RunTime:0.000000s ]
SQL: SHOW COLUMNS FROM `mss_user_admin` [ RunTime:0.008000s ]
SQL: SELECT * FROM `mss_user_admin` WHERE ( `username` = 'admin' ) AND ( `userpwd` = '7fef6171469e80d32c0559f88b377245' ) LIMIT 1   [ RunTime:0.000000s ]
SQL: UPDATE `mss_user_admin` SET `logintime`=1504834721 WHERE ( `id` = 1 ) [ RunTime:0.001000s ]

[ 2017-09-08T09:38:41+08:00 ] 127.0.0.1 /admin.php/index/index.html
INFO: [ route_check ] --START--
INFO: CheckRoute Behavior ::run [ RunTime:0.001000s ]
INFO: [ route_check ] --END-- [ RunTime:0.001000s ]
INFO: [ app_begin ] --START--
INFO: ReadHtmlCache Behavior ::run [ RunTime:0.000000s ]
INFO: [ app_begin ] --END-- [ RunTime:0.000000s ]
SQL: SHOW COLUMNS FROM `mss_user` [ RunTime:0.015000s ]
SQL: SELECT COUNT(*) AS tp_count FROM `mss_user` WHERE ( ustatus=1 ) LIMIT 1   [ RunTime:0.000000s ]
SQL: SELECT COUNT(*) AS tp_count FROM `mss_user` WHERE (  (`regtime` BETWEEN 1504454400 AND 1504368000 ) ) LIMIT 1   [ RunTime:0.000000s ]
SQL: SHOW COLUMNS FROM `mss_order` [ RunTime:0.002001s ]
SQL: SELECT COUNT(*) AS tp_count FROM `mss_order` LIMIT 1   [ RunTime:0.001000s ]
SQL: SELECT COUNT(*) AS tp_count FROM `mss_order` WHERE ( paystatus=3 ) LIMIT 1   [ RunTime:0.000000s ]
SQL: SELECT COUNT(*) AS tp_count FROM `mss_order` WHERE ( `paystatus` NOT IN ('3') ) LIMIT 1   [ RunTime:0.000000s ]
SQL: SHOW COLUMNS FROM `mss_goods` [ RunTime:0.002000s ]
SQL: SELECT COUNT(*) AS tp_count FROM `mss_goods` LIMIT 1   [ RunTime:0.001000s ]
SQL: SHOW COLUMNS FROM `mss_admin_log` [ RunTime:0.002000s ]
SQL: SELECT * FROM `mss_admin_log` ORDER BY time desc LIMIT 0,5   [ RunTime:0.015001s ]
INFO: [ view_parse ] --START--
INFO: ParseTemplate Behavior ::run [ RunTime:0.010000s ]
INFO: [ view_parse ] --END-- [ RunTime:0.011000s ]
INFO: [ view_filter ] --START--
INFO: ContentReplace Behavior ::run [ RunTime:0.000000s ]
INFO: TokenBuild Behavior ::run [ RunTime:0.000000s ]
INFO: WriteHtmlCache Behavior ::run [ RunTime:0.001000s ]
INFO: ShowRuntime Behavior ::run [ RunTime:0.000000s ]
INFO: [ view_filter ] --END-- [ RunTime:0.001000s ]
INFO: [ view_end ] --START--
INFO: ShowPageTrace Behavior ::run [ RunTime:0.001001s ]
INFO: [ view_end ] --END-- [ RunTime:0.001001s ]

[ 2017-09-08T09:38:45+08:00 ] 127.0.0.1 /admin.php/Release/special
INFO: [ route_check ] --START--
INFO: CheckRoute Behavior ::run [ RunTime:0.001000s ]
INFO: [ route_check ] --END-- [ RunTime:0.002000s ]
INFO: [ app_begin ] --START--
INFO: ReadHtmlCache Behavior ::run [ RunTime:0.001000s ]
INFO: [ app_begin ] --END-- [ RunTime:0.001000s ]
SQL: SHOW COLUMNS FROM `mss_admin_log` [ RunTime:0.002000s ]
SQL: INSERT INTO `mss_admin_log` (`userid`,`time`,`loginfo`,`userip`) VALUES (1,1504834725,'管理员admin发布了特价旅游','127.0.0.1') [ RunTime:0.000000s ]
SQL: SHOW COLUMNS FROM `mss_special` [ RunTime:0.003000s ]
SQL: SELECT * FROM `mss_special` ORDER BY release_time desc  [ RunTime:0.000000s ]
INFO: [ view_parse ] --START--
NOTIC: [8] Undefined index: home_tilte D:\phpStudy\WWW\shop\Admin\Runtime\Cache\a040393ece880f1e64a79723b989aa12.php 第 288 行.
NOTIC: [8] Undefined variable: imagesdata D:\phpStudy\WWW\shop\Admin\Runtime\Cache\a040393ece880f1e64a79723b989aa12.php 第 331 行.
NOTIC: [8] Undefined index: home_tilte D:\phpStudy\WWW\shop\Admin\Runtime\Cache\a040393ece880f1e64a79723b989aa12.php 第 288 行.
NOTIC: [8] Undefined variable: imagesdata D:\phpStudy\WWW\shop\Admin\Runtime\Cache\a040393ece880f1e64a79723b989aa12.php 第 331 行.
INFO: ParseTemplate Behavior ::run [ RunTime:0.018001s ]
INFO: [ view_parse ] --END-- [ RunTime:0.018001s ]
INFO: [ view_filter ] --START--
INFO: ContentReplace Behavior ::run [ RunTime:0.000000s ]
INFO: TokenBuild Behavior ::run [ RunTime:0.001000s ]
INFO: WriteHtmlCache Behavior ::run [ RunTime:0.000000s ]
INFO: ShowRuntime Behavior ::run [ RunTime:0.001001s ]
INFO: [ view_filter ] --END-- [ RunTime:0.002001s ]
INFO: [ view_end ] --START--
INFO: ShowPageTrace Behavior ::run [ RunTime:0.001000s ]
INFO: [ view_end ] --END-- [ RunTime:0.001000s ]

[ 2017-09-08T09:38:46+08:00 ] 127.0.0.1 /admin.php/release/respecial/id/1?id=1
INFO: [ route_check ] --START--
INFO: CheckRoute Behavior ::run [ RunTime:0.001000s ]
INFO: [ route_check ] --END-- [ RunTime:0.001000s ]
INFO: [ app_begin ] --START--
INFO: ReadHtmlCache Behavior ::run [ RunTime:0.000000s ]
INFO: [ app_begin ] --END-- [ RunTime:0.000000s ]
SQL: SHOW COLUMNS FROM `mss_special` [ RunTime:0.001000s ]
SQL: SELECT * FROM `mss_special` WHERE ( id=1 ) LIMIT 1   [ RunTime:0.000000s ]
SQL: SHOW COLUMNS FROM `mss_special_images` [ RunTime:0.002001s ]
SQL: SELECT * FROM `mss_special_images` WHERE ( gid=1 )  [ RunTime:0.000000s ]
INFO: [ view_parse ] --START--
NOTIC: [8] Undefined index: home_tilte D:\phpStudy\WWW\shop\Admin\Runtime\Cache\a0eced789cdc649016349cb239bf5f28.php 第 28 行.
INFO: ParseTemplate Behavior ::run [ RunTime:0.005000s ]
INFO: [ view_parse ] --END-- [ RunTime:0.005000s ]
INFO: [ view_filter ] --START--
INFO: ContentReplace Behavior ::run [ RunTime:0.000000s ]
INFO: TokenBuild Behavior ::run [ RunTime:0.001000s ]
INFO: WriteHtmlCache Behavior ::run [ RunTime:0.000000s ]
INFO: ShowRuntime Behavior ::run [ RunTime:0.000000s ]
INFO: [ view_filter ] --END-- [ RunTime:0.001000s ]
INFO: [ view_end ] --START--
INFO: ShowPageTrace Behavior ::run [ RunTime:0.001000s ]
INFO: [ view_end ] --END-- [ RunTime:0.001000s ]

[ 2017-09-08T09:40:20+08:00 ] 127.0.0.1 /admin.php/release/respecial/id/1?id=1
INFO: [ route_check ] --START--
INFO: CheckRoute Behavior ::run [ RunTime:0.001000s ]
INFO: [ route_check ] --END-- [ RunTime:0.001000s ]
INFO: [ app_begin ] --START--
INFO: ReadHtmlCache Behavior ::run [ RunTime:0.001000s ]
INFO: [ app_begin ] --END-- [ RunTime:0.001000s ]
SQL: SHOW COLUMNS FROM `mss_special` [ RunTime:0.003000s ]
SQL: SELECT * FROM `mss_special` WHERE ( id=1 ) LIMIT 1   [ RunTime:0.000000s ]
SQL: SHOW COLUMNS FROM `mss_special_images` [ RunTime:0.002001s ]
SQL: SELECT * FROM `mss_special_images` WHERE ( gid=1 )  [ RunTime:0.000000s ]
INFO: [ view_parse ] --START--
NOTIC: [8] Undefined index: home_tilte D:\phpStudy\WWW\shop\Admin\Runtime\Cache\a0eced789cdc649016349cb239bf5f28.php 第 28 行.
INFO: ParseTemplate Behavior ::run [ RunTime:0.007000s ]
INFO: [ view_parse ] --END-- [ RunTime:0.007000s ]
INFO: [ view_filter ] --START--
INFO: ContentReplace Behavior ::run [ RunTime:0.000000s ]
INFO: TokenBuild Behavior ::run [ RunTime:0.000000s ]
INFO: WriteHtmlCache Behavior ::run [ RunTime:0.001000s ]
INFO: ShowRuntime Behavior ::run [ RunTime:0.000000s ]
INFO: [ view_filter ] --END-- [ RunTime:0.001000s ]
INFO: [ view_end ] --START--
INFO: ShowPageTrace Behavior ::run [ RunTime:0.000000s ]
INFO: [ view_end ] --END-- [ RunTime:0.001000s ]

[ 2017-09-08T09:41:18+08:00 ] 127.0.0.1 /admin.php/Release/special
INFO: [ route_check ] --START--
INFO: CheckRoute Behavior ::run [ RunTime:0.000000s ]
INFO: [ route_check ] --END-- [ RunTime:0.001000s ]
INFO: [ app_begin ] --START--
INFO: ReadHtmlCache Behavior ::run [ RunTime:0.000000s ]
INFO: [ app_begin ] --END-- [ RunTime:0.000000s ]
SQL: SHOW COLUMNS FROM `mss_admin_log` [ RunTime:0.003000s ]
SQL: INSERT INTO `mss_admin_log` (`userid`,`time`,`loginfo`,`userip`) VALUES (1,1504834878,'管理员admin发布了特价旅游','127.0.0.1') [ RunTime:0.000000s ]
SQL: SHOW COLUMNS FROM `mss_special` [ RunTime:0.002001s ]
SQL: SELECT * FROM `mss_special` ORDER BY release_time desc  [ RunTime:0.000000s ]
INFO: [ view_parse ] --START--
NOTIC: [8] Undefined index: home_tilte D:\phpStudy\WWW\shop\Admin\Runtime\Cache\a040393ece880f1e64a79723b989aa12.php 第 288 行.
NOTIC: [8] Undefined variable: imagesdata D:\phpStudy\WWW\shop\Admin\Runtime\Cache\a040393ece880f1e64a79723b989aa12.php 第 331 行.
NOTIC: [8] Undefined index: home_tilte D:\phpStudy\WWW\shop\Admin\Runtime\Cache\a040393ece880f1e64a79723b989aa12.php 第 288 行.
NOTIC: [8] Undefined variable: imagesdata D:\phpStudy\WWW\shop\Admin\Runtime\Cache\a040393ece880f1e64a79723b989aa12.php 第 331 行.
INFO: ParseTemplate Behavior ::run [ RunTime:0.011000s ]
INFO: [ view_parse ] --END-- [ RunTime:0.011000s ]
INFO: [ view_filter ] --START--
INFO: ContentReplace Behavior ::run [ RunTime:0.000000s ]
INFO: TokenBuild Behavior ::run [ RunTime:0.000000s ]
INFO: WriteHtmlCache Behavior ::run [ RunTime:0.001000s ]
INFO: ShowRuntime Behavior ::run [ RunTime:0.000000s ]
INFO: [ view_filter ] --END-- [ RunTime:0.001000s ]
INFO: [ view_end ] --START--
INFO: ShowPageTrace Behavior ::run [ RunTime:0.000000s ]
INFO: [ view_end ] --END-- [ RunTime:0.000000s ]

[ 2017-09-08T09:41:20+08:00 ] 127.0.0.1 /admin.php/release/respecial/id/1?id=1
INFO: [ route_check ] --START--
INFO: CheckRoute Behavior ::run [ RunTime:0.001000s ]
INFO: [ route_check ] --END-- [ RunTime:0.001000s ]
INFO: [ app_begin ] --START--
INFO: ReadHtmlCache Behavior ::run [ RunTime:0.000000s ]
INFO: [ app_begin ] --END-- [ RunTime:0.000000s ]
SQL: SHOW COLUMNS FROM `mss_special` [ RunTime:0.002000s ]
SQL: SELECT * FROM `mss_special` WHERE ( id=1 ) LIMIT 1   [ RunTime:0.000000s ]
SQL: SHOW COLUMNS FROM `mss_special_images` [ RunTime:0.001001s ]
SQL: SELECT * FROM `mss_special_images` WHERE ( gid=1 )  [ RunTime:0.000000s ]
INFO: [ view_parse ] --START--
NOTIC: [8] Undefined index: home_tilte D:\phpStudy\WWW\shop\Admin\Runtime\Cache\a0eced789cdc649016349cb239bf5f28.php 第 28 行.
INFO: ParseTemplate Behavior ::run [ RunTime:0.004000s ]
INFO: [ view_parse ] --END-- [ RunTime:0.004000s ]
INFO: [ view_filter ] --START--
INFO: ContentReplace Behavior ::run [ RunTime:0.001000s ]
INFO: TokenBuild Behavior ::run [ RunTime:0.000000s ]
INFO: WriteHtmlCache Behavior ::run [ RunTime:0.000000s ]
INFO: ShowRuntime Behavior ::run [ RunTime:0.000000s ]
INFO: [ view_filter ] --END-- [ RunTime:0.001000s ]
INFO: [ view_end ] --START--
INFO: ShowPageTrace Behavior ::run [ RunTime:0.001000s ]
INFO: [ view_end ] --END-- [ RunTime:0.001000s ]

[ 2017-09-08T09:42:02+08:00 ] 127.0.0.1 /admin.php/Release/special
INFO: [ route_check ] --START--
INFO: CheckRoute Behavior ::run [ RunTime:0.001000s ]
INFO: [ route_check ] --END-- [ RunTime:0.001000s ]
INFO: [ app_begin ] --START--
INFO: ReadHtmlCache Behavior ::run [ RunTime:0.000000s ]
INFO: [ app_begin ] --END-- [ RunTime:0.000000s ]
SQL: SHOW COLUMNS FROM `mss_admin_log` [ RunTime:0.003000s ]
SQL: INSERT INTO `mss_admin_log` (`userid`,`time`,`loginfo`,`userip`) VALUES (1,1504834922,'管理员admin发布了特价旅游','127.0.0.1') [ RunTime:0.000000s ]
SQL: SHOW COLUMNS FROM `mss_special` [ RunTime:0.002000s ]
SQL: SELECT * FROM `mss_special` ORDER BY release_time desc  [ RunTime:0.000000s ]
INFO: [ view_parse ] --START--
NOTIC: [8] Undefined index: home_tilte D:\phpStudy\WWW\shop\Admin\Runtime\Cache\a040393ece880f1e64a79723b989aa12.php 第 288 行.
NOTIC: [8] Undefined variable: imagesdata D:\phpStudy\WWW\shop\Admin\Runtime\Cache\a040393ece880f1e64a79723b989aa12.php 第 331 行.
NOTIC: [8] Undefined index: home_tilte D:\phpStudy\WWW\shop\Admin\Runtime\Cache\a040393ece880f1e64a79723b989aa12.php 第 288 行.
NOTIC: [8] Undefined variable: imagesdata D:\phpStudy\WWW\shop\Admin\Runtime\Cache\a040393ece880f1e64a79723b989aa12.php 第 331 行.
INFO: ParseTemplate Behavior ::run [ RunTime:0.016001s ]
INFO: [ view_parse ] --END-- [ RunTime:0.016001s ]
INFO: [ view_filter ] --START--
INFO: ContentReplace Behavior ::run [ RunTime:0.001000s ]
INFO: TokenBuild Behavior ::run [ RunTime:0.000000s ]
INFO: WriteHtmlCache Behavior ::run [ RunTime:0.000000s ]
INFO: ShowRuntime Behavior ::run [ RunTime:0.001000s ]
INFO: [ view_filter ] --END-- [ RunTime:0.002000s ]
INFO: [ view_end ] --START--
INFO: ShowPageTrace Behavior ::run [ RunTime:0.001001s ]
INFO: [ view_end ] --END-- [ RunTime:0.001001s ]

[ 2017-09-08T09:42:03+08:00 ] 127.0.0.1 /admin.php/release/respecial/id/1?id=1
INFO: [ route_check ] --START--
INFO: CheckRoute Behavior ::run [ RunTime:0.001000s ]
INFO: [ route_check ] --END-- [ RunTime:0.001000s ]
INFO: [ app_begin ] --START--
INFO: ReadHtmlCache Behavior ::run [ RunTime:0.000000s ]
INFO: [ app_begin ] --END-- [ RunTime:0.000000s ]
SQL: SHOW COLUMNS FROM `mss_special` [ RunTime:0.001000s ]
SQL: SELECT * FROM `mss_special` WHERE ( id=1 ) LIMIT 1   [ RunTime:0.000000s ]
SQL: SHOW COLUMNS FROM `mss_special_images` [ RunTime:0.001000s ]
SQL: SELECT * FROM `mss_special_images` WHERE ( gid=1 )  [ RunTime:0.000000s ]
INFO: [ view_parse ] --START--
NOTIC: [8] Undefined index: home_tilte D:\phpStudy\WWW\shop\Admin\Runtime\Cache\a0eced789cdc649016349cb239bf5f28.php 第 75 行.
INFO: ParseTemplate Behavior ::run [ RunTime:0.006000s ]
INFO: [ view_parse ] --END-- [ RunTime:0.006000s ]
INFO: [ view_filter ] --START--
INFO: ContentReplace Behavior ::run [ RunTime:0.000000s ]
INFO: TokenBuild Behavior ::run [ RunTime:0.000000s ]
INFO: WriteHtmlCache Behavior ::run [ RunTime:0.001000s ]
INFO: ShowRuntime Behavior ::run [ RunTime:0.000000s ]
INFO: [ view_filter ] --END-- [ RunTime:0.001000s ]
INFO: [ view_end ] --START--
INFO: ShowPageTrace Behavior ::run [ RunTime:0.000000s ]
INFO: [ view_end ] --END-- [ RunTime:0.000000s ]

[ 2017-09-08T09:52:19+08:00 ] 127.0.0.1 /admin.php/release/respecial/id/1?id=1
INFO: [ route_check ] --START--
INFO: CheckRoute Behavior ::run [ RunTime:0.001000s ]
INFO: [ route_check ] --END-- [ RunTime:0.001000s ]
INFO: [ app_begin ] --START--
INFO: ReadHtmlCache Behavior ::run [ RunTime:0.001000s ]
INFO: [ app_begin ] --END-- [ RunTime:0.001000s ]
SQL: SHOW COLUMNS FROM `mss_special` [ RunTime:0.001000s ]
SQL: SELECT * FROM `mss_special` WHERE ( id=1 ) LIMIT 1   [ RunTime:0.000000s ]
SQL: SHOW COLUMNS FROM `mss_special_images` [ RunTime:0.001000s ]
SQL: SELECT * FROM `mss_special_images` WHERE ( gid=1 )  [ RunTime:0.000000s ]
INFO: [ view_parse ] --START--
NOTIC: [8] Undefined index: home_tilte D:\phpStudy\WWW\shop\Admin\Runtime\Cache\a0eced789cdc649016349cb239bf5f28.php 第 68 行.
INFO: ParseTemplate Behavior ::run [ RunTime:0.007001s ]
INFO: [ view_parse ] --END-- [ RunTime:0.007001s ]
INFO: [ view_filter ] --START--
INFO: ContentReplace Behavior ::run [ RunTime:0.001000s ]
INFO: TokenBuild Behavior ::run [ RunTime:0.000000s ]
INFO: WriteHtmlCache Behavior ::run [ RunTime:0.000000s ]
INFO: ShowRuntime Behavior ::run [ RunTime:0.001000s ]
INFO: [ view_filter ] --END-- [ RunTime:0.002000s ]
INFO: [ view_end ] --START--
INFO: ShowPageTrace Behavior ::run [ RunTime:0.000000s ]
INFO: [ view_end ] --END-- [ RunTime:0.000000s ]

[ 2017-09-08T09:53:50+08:00 ] 127.0.0.1 /admin.php/Release/special
INFO: [ route_check ] --START--
INFO: CheckRoute Behavior ::run [ RunTime:0.000000s ]
INFO: [ route_check ] --END-- [ RunTime:0.001000s ]
INFO: [ app_begin ] --START--
INFO: ReadHtmlCache Behavior ::run [ RunTime:0.001001s ]
INFO: [ app_begin ] --END-- [ RunTime:0.001001s ]
SQL: SHOW COLUMNS FROM `mss_admin_log` [ RunTime:0.002000s ]
SQL: INSERT INTO `mss_admin_log` (`userid`,`time`,`loginfo`,`userip`) VALUES (1,1504835630,'管理员admin发布了特价旅游','127.0.0.1') [ RunTime:0.000000s ]
SQL: SHOW COLUMNS FROM `mss_special` [ RunTime:0.002000s ]
SQL: SELECT * FROM `mss_special` ORDER BY release_time desc  [ RunTime:0.000000s ]
INFO: [ view_parse ] --START--
NOTIC: [8] Undefined index: home_tilte D:\phpStudy\WWW\shop\Admin\Runtime\Cache\a040393ece880f1e64a79723b989aa12.php 第 288 行.
NOTIC: [8] Undefined variable: imagesdata D:\phpStudy\WWW\shop\Admin\Runtime\Cache\a040393ece880f1e64a79723b989aa12.php 第 331 行.
NOTIC: [8] Undefined index: home_tilte D:\phpStudy\WWW\shop\Admin\Runtime\Cache\a040393ece880f1e64a79723b989aa12.php 第 288 行.
NOTIC: [8] Undefined variable: imagesdata D:\phpStudy\WWW\shop\Admin\Runtime\Cache\a040393ece880f1e64a79723b989aa12.php 第 331 行.
INFO: ParseTemplate Behavior ::run [ RunTime:0.011000s ]
INFO: [ view_parse ] --END-- [ RunTime:0.011000s ]
INFO: [ view_filter ] --START--
INFO: ContentReplace Behavior ::run [ RunTime:0.000000s ]
INFO: TokenBuild Behavior ::run [ RunTime:0.001000s ]
INFO: WriteHtmlCache Behavior ::run [ RunTime:0.000000s ]
INFO: ShowRuntime Behavior ::run [ RunTime:0.000000s ]
INFO: [ view_filter ] --END-- [ RunTime:0.001000s ]
INFO: [ view_end ] --START--
INFO: ShowPageTrace Behavior ::run [ RunTime:0.001000s ]
INFO: [ view_end ] --END-- [ RunTime:0.001000s ]

[ 2017-09-08T09:53:54+08:00 ] 127.0.0.1 /admin.php/release/respecial/id/1?id=1
INFO: [ route_check ] --START--
INFO: CheckRoute Behavior ::run [ RunTime:0.000000s ]
INFO: [ route_check ] --END-- [ RunTime:0.000000s ]
INFO: [ app_begin ] --START--
INFO: ReadHtmlCache Behavior ::run [ RunTime:0.000000s ]
INFO: [ app_begin ] --END-- [ RunTime:0.000000s ]
SQL: SHOW COLUMNS FROM `mss_special` [ RunTime:0.002000s ]
SQL: SELECT * FROM `mss_special` WHERE ( id=1 ) LIMIT 1   [ RunTime:0.000000s ]
SQL: SHOW COLUMNS FROM `mss_special_images` [ RunTime:0.001000s ]
SQL: SELECT * FROM `mss_special_images` WHERE ( gid=1 )  [ RunTime:0.001001s ]
INFO: [ view_parse ] --START--
NOTIC: [8] Undefined index: home_tilte D:\phpStudy\WWW\shop\Admin\Runtime\Cache\a0eced789cdc649016349cb239bf5f28.php 第 68 行.
INFO: ParseTemplate Behavior ::run [ RunTime:0.005000s ]
INFO: [ view_parse ] --END-- [ RunTime:0.005000s ]
INFO: [ view_filter ] --START--
INFO: ContentReplace Behavior ::run [ RunTime:0.001000s ]
INFO: TokenBuild Behavior ::run [ RunTime:0.000000s ]
INFO: WriteHtmlCache Behavior ::run [ RunTime:0.000000s ]
INFO: ShowRuntime Behavior ::run [ RunTime:0.000000s ]
INFO: [ view_filter ] --END-- [ RunTime:0.002000s ]
INFO: [ view_end ] --START--
INFO: ShowPageTrace Behavior ::run [ RunTime:0.000000s ]
INFO: [ view_end ] --END-- [ RunTime:0.001000s ]

[ 2017-09-08T09:54:48+08:00 ] 127.0.0.1 /admin.php/Release/special
INFO: [ route_check ] --START--
INFO: CheckRoute Behavior ::run [ RunTime:0.001000s ]
INFO: [ route_check ] --END-- [ RunTime:0.002000s ]
INFO: [ app_begin ] --START--
INFO: ReadHtmlCache Behavior ::run [ RunTime:0.000000s ]
INFO: [ app_begin ] --END-- [ RunTime:0.000000s ]
SQL: SHOW COLUMNS FROM `mss_admin_log` [ RunTime:0.001000s ]
SQL: INSERT INTO `mss_admin_log` (`userid`,`time`,`loginfo`,`userip`) VALUES (1,1504835688,'管理员admin发布了特价旅游','127.0.0.1') [ RunTime:0.000000s ]
SQL: SHOW COLUMNS FROM `mss_special` [ RunTime:0.001000s ]
SQL: SELECT * FROM `mss_special` ORDER BY release_time desc  [ RunTime:0.001000s ]
INFO: [ view_parse ] --START--
NOTIC: [8] Undefined index: home_tilte D:\phpStudy\WWW\shop\Admin\Runtime\Cache\a040393ece880f1e64a79723b989aa12.php 第 288 行.
NOTIC: [8] Undefined variable: imagesdata D:\phpStudy\WWW\shop\Admin\Runtime\Cache\a040393ece880f1e64a79723b989aa12.php 第 331 行.
NOTIC: [8] Undefined index: home_tilte D:\phpStudy\WWW\shop\Admin\Runtime\Cache\a040393ece880f1e64a79723b989aa12.php 第 288 行.
NOTIC: [8] Undefined variable: imagesdata D:\phpStudy\WWW\shop\Admin\Runtime\Cache\a040393ece880f1e64a79723b989aa12.php 第 331 行.
INFO: ParseTemplate Behavior ::run [ RunTime:0.010001s ]
INFO: [ view_parse ] --END-- [ RunTime:0.010001s ]
INFO: [ view_filter ] --START--
INFO: ContentReplace Behavior ::run [ RunTime:0.001000s ]
INFO: TokenBuild Behavior ::run [ RunTime:0.000000s ]
INFO: WriteHtmlCache Behavior ::run [ RunTime:0.000000s ]
INFO: ShowRuntime Behavior ::run [ RunTime:0.000000s ]
INFO: [ view_filter ] --END-- [ RunTime:0.002000s ]
INFO: [ view_end ] --START--
INFO: ShowPageTrace Behavior ::run [ RunTime:0.000000s ]
INFO: [ view_end ] --END-- [ RunTime:0.000000s ]

[ 2017-09-08T09:54:52+08:00 ] 127.0.0.1 /admin.php/release/respecial/id/1?id=1
INFO: [ route_check ] --START--
INFO: CheckRoute Behavior ::run [ RunTime:0.000000s ]
INFO: [ route_check ] --END-- [ RunTime:0.000000s ]
INFO: [ app_begin ] --START--
INFO: ReadHtmlCache Behavior ::run [ RunTime:0.000000s ]
INFO: [ app_begin ] --END-- [ RunTime:0.000000s ]
SQL: SHOW COLUMNS FROM `mss_special` [ RunTime:0.002000s ]
SQL: SELECT * FROM `mss_special` WHERE ( id=1 ) LIMIT 1   [ RunTime:0.001000s ]
SQL: SHOW COLUMNS FROM `mss_special_images` [ RunTime:0.002000s ]
SQL: SELECT * FROM `mss_special_images` WHERE ( gid=1 )  [ RunTime:0.000000s ]
INFO: [ view_parse ] --START--
NOTIC: [8] Undefined index: home_tilte D:\phpStudy\WWW\shop\Admin\Runtime\Cache\a0eced789cdc649016349cb239bf5f28.php 第 68 行.
INFO: ParseTemplate Behavior ::run [ RunTime:0.005000s ]
INFO: [ view_parse ] --END-- [ RunTime:0.005000s ]
INFO: [ view_filter ] --START--
INFO: ContentReplace Behavior ::run [ RunTime:0.001000s ]
INFO: TokenBuild Behavior ::run [ RunTime:0.000000s ]
INFO: WriteHtmlCache Behavior ::run [ RunTime:0.000000s ]
INFO: ShowRuntime Behavior ::run [ RunTime:0.000000s ]
INFO: [ view_filter ] --END-- [ RunTime:0.001000s ]
INFO: [ view_end ] --START--
INFO: ShowPageTrace Behavior ::run [ RunTime:0.001001s ]
INFO: [ view_end ] --END-- [ RunTime:0.001001s ]

[ 2017-09-08T09:55:33+08:00 ] 127.0.0.1 /admin.php/Release/special
INFO: [ route_check ] --START--
INFO: CheckRoute Behavior ::run [ RunTime:0.000000s ]
INFO: [ route_check ] --END-- [ RunTime:0.000000s ]
INFO: [ app_begin ] --START--
INFO: ReadHtmlCache Behavior ::run [ RunTime:0.000000s ]
INFO: [ app_begin ] --END-- [ RunTime:0.000000s ]
SQL: SHOW COLUMNS FROM `mss_admin_log` [ RunTime:0.002000s ]
SQL: INSERT INTO `mss_admin_log` (`userid`,`time`,`loginfo`,`userip`) VALUES (1,1504835733,'管理员admin发布了特价旅游','127.0.0.1') [ RunTime:0.000000s ]
SQL: SHOW COLUMNS FROM `mss_special` [ RunTime:0.001000s ]
SQL: SELECT * FROM `mss_special` ORDER BY release_time desc  [ RunTime:0.000000s ]
INFO: [ view_parse ] --START--
NOTIC: [8] Undefined index: home_tilte D:\phpStudy\WWW\shop\Admin\Runtime\Cache\a040393ece880f1e64a79723b989aa12.php 第 288 行.
NOTIC: [8] Undefined variable: imagesdata D:\phpStudy\WWW\shop\Admin\Runtime\Cache\a040393ece880f1e64a79723b989aa12.php 第 331 行.
NOTIC: [8] Undefined index: home_tilte D:\phpStudy\WWW\shop\Admin\Runtime\Cache\a040393ece880f1e64a79723b989aa12.php 第 288 行.
NOTIC: [8] Undefined variable: imagesdata D:\phpStudy\WWW\shop\Admin\Runtime\Cache\a040393ece880f1e64a79723b989aa12.php 第 331 行.
INFO: ParseTemplate Behavior ::run [ RunTime:0.009000s ]
INFO: [ view_parse ] --END-- [ RunTime:0.009000s ]
INFO: [ view_filter ] --START--
INFO: ContentReplace Behavior ::run [ RunTime:0.000000s ]
INFO: TokenBuild Behavior ::run [ RunTime:0.000000s ]
INFO: WriteHtmlCache Behavior ::run [ RunTime:0.000000s ]
INFO: ShowRuntime Behavior ::run [ RunTime:0.001001s ]
INFO: [ view_filter ] --END-- [ RunTime:0.001001s ]
INFO: [ view_end ] --START--
INFO: ShowPageTrace Behavior ::run [ RunTime:0.000000s ]
INFO: [ view_end ] --END-- [ RunTime:0.000000s ]

[ 2017-09-08T09:55:36+08:00 ] 127.0.0.1 /admin.php/release/respecial/id/1?id=1
INFO: [ route_check ] --START--
INFO: CheckRoute Behavior ::run [ RunTime:0.000000s ]
INFO: [ route_check ] --END-- [ RunTime:0.000000s ]
INFO: [ app_begin ] --START--
INFO: ReadHtmlCache Behavior ::run [ RunTime:0.001000s ]
INFO: [ app_begin ] --END-- [ RunTime:0.001000s ]
SQL: SHOW COLUMNS FROM `mss_special` [ RunTime:0.002001s ]
SQL: SELECT * FROM `mss_special` WHERE ( id=1 ) LIMIT 1   [ RunTime:0.000000s ]
SQL: SHOW COLUMNS FROM `mss_special_images` [ RunTime:0.002000s ]
SQL: SELECT * FROM `mss_special_images` WHERE ( gid=1 )  [ RunTime:0.000000s ]
INFO: [ view_parse ] --START--
NOTIC: [8] Undefined index: home_tilte D:\phpStudy\WWW\shop\Admin\Runtime\Cache\a0eced789cdc649016349cb239bf5f28.php 第 68 行.
INFO: ParseTemplate Behavior ::run [ RunTime:0.005000s ]
INFO: [ view_parse ] --END-- [ RunTime:0.005000s ]
INFO: [ view_filter ] --START--
INFO: ContentReplace Behavior ::run [ RunTime:0.002000s ]
INFO: TokenBuild Behavior ::run [ RunTime:0.000000s ]
INFO: WriteHtmlCache Behavior ::run [ RunTime:0.001000s ]
INFO: ShowRuntime Behavior ::run [ RunTime:0.000000s ]
INFO: [ view_filter ] --END-- [ RunTime:0.003000s ]
INFO: [ view_end ] --START--
INFO: ShowPageTrace Behavior ::run [ RunTime:0.001000s ]
INFO: [ view_end ] --END-- [ RunTime:0.001000s ]

[ 2017-09-08T09:57:05+08:00 ] 127.0.0.1 /admin.php/Release/special
INFO: [ route_check ] --START--
INFO: CheckRoute Behavior ::run [ RunTime:0.001000s ]
INFO: [ route_check ] --END-- [ RunTime:0.001000s ]
INFO: [ app_begin ] --START--
INFO: ReadHtmlCache Behavior ::run [ RunTime:0.001000s ]
INFO: [ app_begin ] --END-- [ RunTime:0.001000s ]
SQL: SHOW COLUMNS FROM `mss_admin_log` [ RunTime:0.002000s ]
SQL: INSERT INTO `mss_admin_log` (`userid`,`time`,`loginfo`,`userip`) VALUES (1,1504835825,'管理员admin发布了特价旅游','127.0.0.1') [ RunTime:0.000000s ]
SQL: SHOW COLUMNS FROM `mss_special` [ RunTime:0.002000s ]
SQL: SELECT * FROM `mss_special` ORDER BY release_time desc  [ RunTime:0.000000s ]
INFO: [ view_parse ] --START--
NOTIC: [8] Undefined index: home_tilte D:\phpStudy\WWW\shop\Admin\Runtime\Cache\a040393ece880f1e64a79723b989aa12.php 第 288 行.
NOTIC: [8] Undefined variable: imagesdata D:\phpStudy\WWW\shop\Admin\Runtime\Cache\a040393ece880f1e64a79723b989aa12.php 第 331 行.
NOTIC: [8] Undefined index: home_tilte D:\phpStudy\WWW\shop\Admin\Runtime\Cache\a040393ece880f1e64a79723b989aa12.php 第 288 行.
NOTIC: [8] Undefined variable: imagesdata D:\phpStudy\WWW\shop\Admin\Runtime\Cache\a040393ece880f1e64a79723b989aa12.php 第 331 行.
INFO: ParseTemplate Behavior ::run [ RunTime:0.011001s ]
INFO: [ view_parse ] --END-- [ RunTime:0.011001s ]
INFO: [ view_filter ] --START--
INFO: ContentReplace Behavior ::run [ RunTime:0.000000s ]
INFO: TokenBuild Behavior ::run [ RunTime:0.001000s ]
INFO: WriteHtmlCache Behavior ::run [ RunTime:0.000000s ]
INFO: ShowRuntime Behavior ::run [ RunTime:0.000000s ]
INFO: [ view_filter ] --END-- [ RunTime:0.001000s ]
INFO: [ view_end ] --START--
INFO: ShowPageTrace Behavior ::run [ RunTime:0.000000s ]
INFO: [ view_end ] --END-- [ RunTime:0.000000s ]

[ 2017-09-08T09:57:08+08:00 ] 127.0.0.1 /admin.php/release/respecial/id/1?id=1
INFO: [ route_check ] --START--
INFO: CheckRoute Behavior ::run [ RunTime:0.000000s ]
INFO: [ route_check ] --END-- [ RunTime:0.000000s ]
INFO: [ app_begin ] --START--
INFO: ReadHtmlCache Behavior ::run [ RunTime:0.000000s ]
INFO: [ app_begin ] --END-- [ RunTime:0.000000s ]
SQL: SHOW COLUMNS FROM `mss_special` [ RunTime:0.001000s ]
SQL: SELECT * FROM `mss_special` WHERE ( id=1 ) LIMIT 1   [ RunTime:0.000000s ]
SQL: SHOW COLUMNS FROM `mss_special_images` [ RunTime:0.001000s ]
SQL: SELECT * FROM `mss_special_images` WHERE ( gid=1 )  [ RunTime:0.000000s ]
INFO: [ view_parse ] --START--
NOTIC: [8] Undefined index: home_tilte D:\phpStudy\WWW\shop\Admin\Runtime\Cache\a0eced789cdc649016349cb239bf5f28.php 第 68 行.
INFO: ParseTemplate Behavior ::run [ RunTime:0.006001s ]
INFO: [ view_parse ] --END-- [ RunTime:0.006001s ]
INFO: [ view_filter ] --START--
INFO: ContentReplace Behavior ::run [ RunTime:0.001000s ]
INFO: TokenBuild Behavior ::run [ RunTime:0.001000s ]
INFO: WriteHtmlCache Behavior ::run [ RunTime:0.000000s ]
INFO: ShowRuntime Behavior ::run [ RunTime:0.000000s ]
INFO: [ view_filter ] --END-- [ RunTime:0.002000s ]
INFO: [ view_end ] --START--
INFO: ShowPageTrace Behavior ::run [ RunTime:0.001000s ]
INFO: [ view_end ] --END-- [ RunTime:0.001000s ]

[ 2017-09-08T09:58:27+08:00 ] 127.0.0.1 /admin.php/Release/special
INFO: [ route_check ] --START--
INFO: CheckRoute Behavior ::run [ RunTime:0.001001s ]
INFO: [ route_check ] --END-- [ RunTime:0.001001s ]
INFO: [ app_begin ] --START--
INFO: ReadHtmlCache Behavior ::run [ RunTime:0.001000s ]
INFO: [ app_begin ] --END-- [ RunTime:0.001000s ]
SQL: SHOW COLUMNS FROM `mss_admin_log` [ RunTime:0.001000s ]
SQL: INSERT INTO `mss_admin_log` (`userid`,`time`,`loginfo`,`userip`) VALUES (1,1504835907,'管理员admin发布了特价旅游','127.0.0.1') [ RunTime:0.001000s ]
SQL: SHOW COLUMNS FROM `mss_special` [ RunTime:0.001000s ]
SQL: SELECT * FROM `mss_special` ORDER BY release_time desc  [ RunTime:0.000000s ]
INFO: [ view_parse ] --START--
NOTIC: [8] Undefined index: home_tilte D:\phpStudy\WWW\shop\Admin\Runtime\Cache\a040393ece880f1e64a79723b989aa12.php 第 288 行.
NOTIC: [8] Undefined variable: imagesdata D:\phpStudy\WWW\shop\Admin\Runtime\Cache\a040393ece880f1e64a79723b989aa12.php 第 331 行.
NOTIC: [8] Undefined index: home_tilte D:\phpStudy\WWW\shop\Admin\Runtime\Cache\a040393ece880f1e64a79723b989aa12.php 第 288 行.
NOTIC: [8] Undefined variable: imagesdata D:\phpStudy\WWW\shop\Admin\Runtime\Cache\a040393ece880f1e64a79723b989aa12.php 第 331 行.
INFO: ParseTemplate Behavior ::run [ RunTime:0.010001s ]
INFO: [ view_parse ] --END-- [ RunTime:0.010001s ]
INFO: [ view_filter ] --START--
INFO: ContentReplace Behavior ::run [ RunTime:0.000000s ]
INFO: TokenBuild Behavior ::run [ RunTime:0.001000s ]
INFO: WriteHtmlCache Behavior ::run [ RunTime:0.000000s ]
INFO: ShowRuntime Behavior ::run [ RunTime:0.000000s ]
INFO: [ view_filter ] --END-- [ RunTime:0.001000s ]
INFO: [ view_end ] --START--
INFO: ShowPageTrace Behavior ::run [ RunTime:0.001000s ]
INFO: [ view_end ] --END-- [ RunTime:0.001000s ]

[ 2017-09-08T09:58:31+08:00 ] 127.0.0.1 /admin.php/release/respecial/id/1?id=1
INFO: [ route_check ] --START--
INFO: CheckRoute Behavior ::run [ RunTime:0.001000s ]
INFO: [ route_check ] --END-- [ RunTime:0.001000s ]
INFO: [ app_begin ] --START--
INFO: ReadHtmlCache Behavior ::run [ RunTime:0.000000s ]
INFO: [ app_begin ] --END-- [ RunTime:0.000000s ]
SQL: SHOW COLUMNS FROM `mss_special` [ RunTime:0.002000s ]
SQL: SELECT * FROM `mss_special` WHERE ( id=1 ) LIMIT 1   [ RunTime:0.000000s ]
SQL: SHOW COLUMNS FROM `mss_special_images` [ RunTime:0.001000s ]
SQL: SELECT * FROM `mss_special_images` WHERE ( gid=1 )  [ RunTime:0.000000s ]
INFO: [ view_parse ] --START--
NOTIC: [8] Undefined index: home_tilte D:\phpStudy\WWW\shop\Admin\Runtime\Cache\a0eced789cdc649016349cb239bf5f28.php 第 68 行.
INFO: ParseTemplate Behavior ::run [ RunTime:0.004001s ]
INFO: [ view_parse ] --END-- [ RunTime:0.004001s ]
INFO: [ view_filter ] --START--
INFO: ContentReplace Behavior ::run [ RunTime:0.000000s ]
INFO: TokenBuild Behavior ::run [ RunTime:0.000000s ]
INFO: WriteHtmlCache Behavior ::run [ RunTime:0.000000s ]
INFO: ShowRuntime Behavior ::run [ RunTime:0.000000s ]
INFO: [ view_filter ] --END-- [ RunTime:0.000000s ]
INFO: [ view_end ] --START--
INFO: ShowPageTrace Behavior ::run [ RunTime:0.001000s ]
INFO: [ view_end ] --END-- [ RunTime:0.001000s ]

[ 2017-09-08T09:59:46+08:00 ] 127.0.0.1 /admin.php/Release/special
INFO: [ route_check ] --START--
INFO: CheckRoute Behavior ::run [ RunTime:0.001000s ]
INFO: [ route_check ] --END-- [ RunTime:0.001000s ]
INFO: [ app_begin ] --START--
INFO: ReadHtmlCache Behavior ::run [ RunTime:0.001000s ]
INFO: [ app_begin ] --END-- [ RunTime:0.001000s ]
SQL: SHOW COLUMNS FROM `mss_admin_log` [ RunTime:0.001000s ]
SQL: INSERT INTO `mss_admin_log` (`userid`,`time`,`loginfo`,`userip`) VALUES (1,1504835986,'管理员admin发布了特价旅游','127.0.0.1') [ RunTime:0.000000s ]
SQL: SHOW COLUMNS FROM `mss_special` [ RunTime:0.002000s ]
SQL: SELECT * FROM `mss_special` ORDER BY release_time desc  [ RunTime:0.000000s ]
INFO: [ view_parse ] --START--
NOTIC: [8] Undefined index: home_tilte D:\phpStudy\WWW\shop\Admin\Runtime\Cache\a040393ece880f1e64a79723b989aa12.php 第 288 行.
NOTIC: [8] Undefined variable: imagesdata D:\phpStudy\WWW\shop\Admin\Runtime\Cache\a040393ece880f1e64a79723b989aa12.php 第 331 行.
NOTIC: [8] Undefined index: home_tilte D:\phpStudy\WWW\shop\Admin\Runtime\Cache\a040393ece880f1e64a79723b989aa12.php 第 288 行.
NOTIC: [8] Undefined variable: imagesdata D:\phpStudy\WWW\shop\Admin\Runtime\Cache\a040393ece880f1e64a79723b989aa12.php 第 331 行.
INFO: ParseTemplate Behavior ::run [ RunTime:0.012000s ]
INFO: [ view_parse ] --END-- [ RunTime:0.012000s ]
INFO: [ view_filter ] --START--
INFO: ContentReplace Behavior ::run [ RunTime:0.001001s ]
INFO: TokenBuild Behavior ::run [ RunTime:0.000000s ]
INFO: WriteHtmlCache Behavior ::run [ RunTime:0.000000s ]
INFO: ShowRuntime Behavior ::run [ RunTime:0.001000s ]
INFO: [ view_filter ] --END-- [ RunTime:0.002001s ]
INFO: [ view_end ] --START--
INFO: ShowPageTrace Behavior ::run [ RunTime:0.000000s ]
INFO: [ view_end ] --END-- [ RunTime:0.000000s ]

[ 2017-09-08T09:59:51+08:00 ] 127.0.0.1 /admin.php/release/respecial/id/1?id=1
INFO: [ route_check ] --START--
INFO: CheckRoute Behavior ::run [ RunTime:0.000000s ]
INFO: [ route_check ] --END-- [ RunTime:0.001000s ]
INFO: [ app_begin ] --START--
INFO: ReadHtmlCache Behavior ::run [ RunTime:0.000000s ]
INFO: [ app_begin ] --END-- [ RunTime:0.000000s ]
SQL: SHOW COLUMNS FROM `mss_special` [ RunTime:0.002000s ]
SQL: SELECT * FROM `mss_special` WHERE ( id=1 ) LIMIT 1   [ RunTime:0.000000s ]
SQL: SHOW COLUMNS FROM `mss_special_images` [ RunTime:0.001000s ]
SQL: SELECT * FROM `mss_special_images` WHERE ( gid=1 )  [ RunTime:0.000000s ]
INFO: [ view_parse ] --START--
NOTIC: [8] Undefined index: home_tilte D:\phpStudy\WWW\shop\Admin\Runtime\Cache\a0eced789cdc649016349cb239bf5f28.php 第 68 行.
INFO: ParseTemplate Behavior ::run [ RunTime:0.005000s ]
INFO: [ view_parse ] --END-- [ RunTime:0.006000s ]
INFO: [ view_filter ] --START--
INFO: ContentReplace Behavior ::run [ RunTime:0.000000s ]
INFO: TokenBuild Behavior ::run [ RunTime:0.001000s ]
INFO: WriteHtmlCache Behavior ::run [ RunTime:0.000000s ]
INFO: ShowRuntime Behavior ::run [ RunTime:0.000000s ]
INFO: [ view_filter ] --END-- [ RunTime:0.001000s ]
INFO: [ view_end ] --START--
INFO: ShowPageTrace Behavior ::run [ RunTime:0.000000s ]
INFO: [ view_end ] --END-- [ RunTime:0.000000s ]

[ 2017-09-08T10:00:39+08:00 ] 127.0.0.1 /admin.php/Release/special
INFO: [ route_check ] --START--
INFO: CheckRoute Behavior ::run [ RunTime:0.001000s ]
INFO: [ route_check ] --END-- [ RunTime:0.001000s ]
INFO: [ app_begin ] --START--
INFO: ReadHtmlCache Behavior ::run [ RunTime:0.000000s ]
INFO: [ app_begin ] --END-- [ RunTime:0.000000s ]
SQL: SHOW COLUMNS FROM `mss_admin_log` [ RunTime:0.002000s ]
SQL: INSERT INTO `mss_admin_log` (`userid`,`time`,`loginfo`,`userip`) VALUES (1,1504836039,'管理员admin发布了特价旅游','127.0.0.1') [ RunTime:0.000000s ]
SQL: SHOW COLUMNS FROM `mss_special` [ RunTime:0.002000s ]
SQL: SELECT * FROM `mss_special` ORDER BY release_time desc  [ RunTime:0.000000s ]
INFO: [ view_parse ] --START--
NOTIC: [8] Undefined index: home_tilte D:\phpStudy\WWW\shop\Admin\Runtime\Cache\a040393ece880f1e64a79723b989aa12.php 第 288 行.
NOTIC: [8] Undefined variable: imagesdata D:\phpStudy\WWW\shop\Admin\Runtime\Cache\a040393ece880f1e64a79723b989aa12.php 第 331 行.
NOTIC: [8] Undefined index: home_tilte D:\phpStudy\WWW\shop\Admin\Runtime\Cache\a040393ece880f1e64a79723b989aa12.php 第 288 行.
NOTIC: [8] Undefined variable: imagesdata D:\phpStudy\WWW\shop\Admin\Runtime\Cache\a040393ece880f1e64a79723b989aa12.php 第 331 行.
INFO: ParseTemplate Behavior ::run [ RunTime:0.013001s ]
INFO: [ view_parse ] --END-- [ RunTime:0.013001s ]
INFO: [ view_filter ] --START--
INFO: ContentReplace Behavior ::run [ RunTime:0.000000s ]
INFO: TokenBuild Behavior ::run [ RunTime:0.000000s ]
INFO: WriteHtmlCache Behavior ::run [ RunTime:0.001000s ]
INFO: ShowRuntime Behavior ::run [ RunTime:0.000000s ]
INFO: [ view_filter ] --END-- [ RunTime:0.001000s ]
INFO: [ view_end ] --START--
INFO: ShowPageTrace Behavior ::run [ RunTime:0.000000s ]
INFO: [ view_end ] --END-- [ RunTime:0.000000s ]

[ 2017-09-08T10:00:48+08:00 ] 127.0.0.1 /admin.php/release/respecial/id/1?id=1
INFO: [ route_check ] --START--
INFO: CheckRoute Behavior ::run [ RunTime:0.001000s ]
INFO: [ route_check ] --END-- [ RunTime:0.001000s ]
INFO: [ app_begin ] --START--
INFO: ReadHtmlCache Behavior ::run [ RunTime:0.001000s ]
INFO: [ app_begin ] --END-- [ RunTime:0.001000s ]
SQL: SHOW COLUMNS FROM `mss_special` [ RunTime:0.002000s ]
SQL: SELECT * FROM `mss_special` WHERE ( id=1 ) LIMIT 1   [ RunTime:0.000000s ]
SQL: SHOW COLUMNS FROM `mss_special_images` [ RunTime:0.001000s ]
SQL: SELECT * FROM `mss_special_images` WHERE ( gid=1 )  [ RunTime:0.001001s ]
INFO: [ view_parse ] --START--
NOTIC: [8] Undefined index: home_tilte D:\phpStudy\WWW\shop\Admin\Runtime\Cache\a0eced789cdc649016349cb239bf5f28.php 第 68 行.
INFO: ParseTemplate Behavior ::run [ RunTime:0.005000s ]
INFO: [ view_parse ] --END-- [ RunTime:0.005000s ]
INFO: [ view_filter ] --START--
INFO: ContentReplace Behavior ::run [ RunTime:0.001000s ]
INFO: TokenBuild Behavior ::run [ RunTime:0.000000s ]
INFO: WriteHtmlCache Behavior ::run [ RunTime:0.001000s ]
INFO: ShowRuntime Behavior ::run [ RunTime:0.000000s ]
INFO: [ view_filter ] --END-- [ RunTime:0.002000s ]
INFO: [ view_end ] --START--
INFO: ShowPageTrace Behavior ::run [ RunTime:0.000000s ]
INFO: [ view_end ] --END-- [ RunTime:0.001000s ]

[ 2017-09-08T10:05:12+08:00 ] 127.0.0.1 /admin.php/Release/special
INFO: [ route_check ] --START--
INFO: CheckRoute Behavior ::run [ RunTime:0.001000s ]
INFO: [ route_check ] --END-- [ RunTime:0.001000s ]
INFO: [ app_begin ] --START--
INFO: ReadHtmlCache Behavior ::run [ RunTime:0.001000s ]
INFO: [ app_begin ] --END-- [ RunTime:0.001000s ]
SQL: SHOW COLUMNS FROM `mss_admin_log` [ RunTime:0.001001s ]
SQL: INSERT INTO `mss_admin_log` (`userid`,`time`,`loginfo`,`userip`) VALUES (1,1504836312,'管理员admin发布了特价旅游','127.0.0.1') [ RunTime:0.000000s ]
SQL: SHOW COLUMNS FROM `mss_special` [ RunTime:0.001000s ]
SQL: SELECT * FROM `mss_special` ORDER BY release_time desc  [ RunTime:0.000000s ]
INFO: [ view_parse ] --START--
NOTIC: [8] Undefined index: home_tilte D:\phpStudy\WWW\shop\Admin\Runtime\Cache\a040393ece880f1e64a79723b989aa12.php 第 276 行.
NOTIC: [8] Undefined variable: imagesdata D:\phpStudy\WWW\shop\Admin\Runtime\Cache\a040393ece880f1e64a79723b989aa12.php 第 319 行.
NOTIC: [8] Undefined index: home_tilte D:\phpStudy\WWW\shop\Admin\Runtime\Cache\a040393ece880f1e64a79723b989aa12.php 第 276 行.
NOTIC: [8] Undefined variable: imagesdata D:\phpStudy\WWW\shop\Admin\Runtime\Cache\a040393ece880f1e64a79723b989aa12.php 第 319 行.
INFO: ParseTemplate Behavior ::run [ RunTime:0.011000s ]
INFO: [ view_parse ] --END-- [ RunTime:0.011000s ]
INFO: [ view_filter ] --START--
INFO: ContentReplace Behavior ::run [ RunTime:0.000000s ]
INFO: TokenBuild Behavior ::run [ RunTime:0.001000s ]
INFO: WriteHtmlCache Behavior ::run [ RunTime:0.000000s ]
INFO: ShowRuntime Behavior ::run [ RunTime:0.000000s ]
INFO: [ view_filter ] --END-- [ RunTime:0.001000s ]
INFO: [ view_end ] --START--
INFO: ShowPageTrace Behavior ::run [ RunTime:0.001000s ]
INFO: [ view_end ] --END-- [ RunTime:0.001000s ]

[ 2017-09-08T10:05:15+08:00 ] 127.0.0.1 /admin.php/release/respecial/id/1?id=1
INFO: [ route_check ] --START--
INFO: CheckRoute Behavior ::run [ RunTime:0.001000s ]
INFO: [ route_check ] --END-- [ RunTime:0.001000s ]
INFO: [ app_begin ] --START--
INFO: ReadHtmlCache Behavior ::run [ RunTime:0.001000s ]
INFO: [ app_begin ] --END-- [ RunTime:0.001000s ]
SQL: SHOW COLUMNS FROM `mss_special` [ RunTime:0.003000s ]
SQL: SELECT * FROM `mss_special` WHERE ( id=1 ) LIMIT 1   [ RunTime:0.000000s ]
SQL: SHOW COLUMNS FROM `mss_special_images` [ RunTime:0.003001s ]
SQL: SELECT * FROM `mss_special_images` WHERE ( gid=1 )  [ RunTime:0.000000s ]
INFO: [ view_parse ] --START--
NOTIC: [8] Undefined index: home_tilte D:\phpStudy\WWW\shop\Admin\Runtime\Cache\a0eced789cdc649016349cb239bf5f28.php 第 68 行.
INFO: ParseTemplate Behavior ::run [ RunTime:0.009000s ]
INFO: [ view_parse ] --END-- [ RunTime:0.009000s ]
INFO: [ view_filter ] --START--
INFO: ContentReplace Behavior ::run [ RunTime:0.000000s ]
INFO: TokenBuild Behavior ::run [ RunTime:0.001000s ]
INFO: WriteHtmlCache Behavior ::run [ RunTime:0.000000s ]
INFO: ShowRuntime Behavior ::run [ RunTime:0.000000s ]
INFO: [ view_filter ] --END-- [ RunTime:0.001000s ]
INFO: [ view_end ] --START--
INFO: ShowPageTrace Behavior ::run [ RunTime:0.001000s ]
INFO: [ view_end ] --END-- [ RunTime:0.001000s ]

[ 2017-09-08T10:05:15+08:00 ] 127.0.0.1 /admin.php/Release/need/laydate.css
INFO: [ route_check ] --START--
INFO: CheckRoute Behavior ::run [ RunTime:0.001000s ]
INFO: [ route_check ] --END-- [ RunTime:0.001000s ]
INFO: [ app_begin ] --START--
INFO: ReadHtmlCache Behavior ::run [ RunTime:0.000000s ]
INFO: [ app_begin ] --END-- [ RunTime:0.000000s ]
ERR: 非法操作:need

[ 2017-09-08T10:05:15+08:00 ] 127.0.0.1 /admin.php/Release/skins/default/laydate.css
INFO: [ route_check ] --START--
INFO: CheckRoute Behavior ::run [ RunTime:0.000000s ]
INFO: [ route_check ] --END-- [ RunTime:0.000000s ]
INFO: [ app_begin ] --START--
INFO: ReadHtmlCache Behavior ::run [ RunTime:0.000000s ]
INFO: [ app_begin ] --END-- [ RunTime:0.000000s ]
ERR: 非法操作:skins

[ 2017-09-08T10:05:16+08:00 ] 127.0.0.1 /admin.php/Release/skins/molv/laydate.css
INFO: [ route_check ] --START--
INFO: CheckRoute Behavior ::run [ RunTime:0.000000s ]
INFO: [ route_check ] --END-- [ RunTime:0.001000s ]
INFO: [ app_begin ] --START--
INFO: ReadHtmlCache Behavior ::run [ RunTime:0.000000s ]
INFO: [ app_begin ] --END-- [ RunTime:0.000000s ]
ERR: 非法操作:skins

[ 2017-09-08T10:06:18+08:00 ] 127.0.0.1 /admin.php/Release/special
INFO: [ route_check ] --START--
INFO: CheckRoute Behavior ::run [ RunTime:0.002000s ]
INFO: [ route_check ] --END-- [ RunTime:0.002000s ]
INFO: [ app_begin ] --START--
INFO: ReadHtmlCache Behavior ::run [ RunTime:0.001000s ]
INFO: [ app_begin ] --END-- [ RunTime:0.001000s ]
SQL: SHOW COLUMNS FROM `mss_admin_log` [ RunTime:0.002001s ]
SQL: INSERT INTO `mss_admin_log` (`userid`,`time`,`loginfo`,`userip`) VALUES (1,1504836378,'管理员admin发布了特价旅游','127.0.0.1') [ RunTime:0.000000s ]
SQL: SHOW COLUMNS FROM `mss_special` [ RunTime:0.002000s ]
SQL: SELECT * FROM `mss_special` ORDER BY release_time desc  [ RunTime:0.000000s ]
INFO: [ view_parse ] --START--
NOTIC: [8] Undefined index: home_tilte D:\phpStudy\WWW\shop\Admin\Runtime\Cache\a040393ece880f1e64a79723b989aa12.php 第 276 行.
NOTIC: [8] Undefined variable: imagesdata D:\phpStudy\WWW\shop\Admin\Runtime\Cache\a040393ece880f1e64a79723b989aa12.php 第 319 行.
NOTIC: [8] Undefined index: home_tilte D:\phpStudy\WWW\shop\Admin\Runtime\Cache\a040393ece880f1e64a79723b989aa12.php 第 276 行.
NOTIC: [8] Undefined variable: imagesdata D:\phpStudy\WWW\shop\Admin\Runtime\Cache\a040393ece880f1e64a79723b989aa12.php 第 319 行.
INFO: ParseTemplate Behavior ::run [ RunTime:0.011000s ]
INFO: [ view_parse ] --END-- [ RunTime:0.011000s ]
INFO: [ view_filter ] --START--
INFO: ContentReplace Behavior ::run [ RunTime:0.000000s ]
INFO: TokenBuild Behavior ::run [ RunTime:0.000000s ]
INFO: WriteHtmlCache Behavior ::run [ RunTime:0.001000s ]
INFO: ShowRuntime Behavior ::run [ RunTime:0.000000s ]
INFO: [ view_filter ] --END-- [ RunTime:0.001000s ]
INFO: [ view_end ] --START--
INFO: ShowPageTrace Behavior ::run [ RunTime:0.001000s ]
INFO: [ view_end ] --END-- [ RunTime:0.001000s ]

[ 2017-09-08T10:06:22+08:00 ] 127.0.0.1 /admin.php/release/respecial/id/1?id=1
INFO: [ route_check ] --START--
INFO: CheckRoute Behavior ::run [ RunTime:0.001000s ]
INFO: [ route_check ] --END-- [ RunTime:0.001000s ]
INFO: [ app_begin ] --START--
INFO: ReadHtmlCache Behavior ::run [ RunTime:0.000000s ]
INFO: [ app_begin ] --END-- [ RunTime:0.000000s ]
SQL: SHOW COLUMNS FROM `mss_special` [ RunTime:0.001000s ]
SQL: SELECT * FROM `mss_special` WHERE ( id=1 ) LIMIT 1   [ RunTime:0.001000s ]
SQL: SHOW COLUMNS FROM `mss_special_images` [ RunTime:0.001000s ]
SQL: SELECT * FROM `mss_special_images` WHERE ( gid=1 )  [ RunTime:0.000000s ]
INFO: [ view_parse ] --START--
NOTIC: [8] Undefined index: home_tilte D:\phpStudy\WWW\shop\Admin\Runtime\Cache\a0eced789cdc649016349cb239bf5f28.php 第 68 行.
INFO: ParseTemplate Behavior ::run [ RunTime:0.006001s ]
INFO: [ view_parse ] --END-- [ RunTime:0.006001s ]
INFO: [ view_filter ] --START--
INFO: ContentReplace Behavior ::run [ RunTime:0.001000s ]
INFO: TokenBuild Behavior ::run [ RunTime:0.000000s ]
INFO: WriteHtmlCache Behavior ::run [ RunTime:0.000000s ]
INFO: ShowRuntime Behavior ::run [ RunTime:0.000000s ]
INFO: [ view_filter ] --END-- [ RunTime:0.001000s ]
INFO: [ view_end ] --START--
INFO: ShowPageTrace Behavior ::run [ RunTime:0.001000s ]
INFO: [ view_end ] --END-- [ RunTime:0.001000s ]

[ 2017-09-08T10:06:22+08:00 ] 127.0.0.1 /admin.php/Release/need/laydate.css
INFO: [ route_check ] --START--
INFO: CheckRoute Behavior ::run [ RunTime:0.001000s ]
INFO: [ route_check ] --END-- [ RunTime:0.001000s ]
INFO: [ app_begin ] --START--
INFO: ReadHtmlCache Behavior ::run [ RunTime:0.000000s ]
INFO: [ app_begin ] --END-- [ RunTime:0.000000s ]
ERR: 非法操作:need

[ 2017-09-08T10:06:22+08:00 ] 127.0.0.1 /admin.php/Release/skins/default/laydate.css
INFO: [ route_check ] --START--
INFO: CheckRoute Behavior ::run [ RunTime:0.000000s ]
INFO: [ route_check ] --END-- [ RunTime:0.000000s ]
INFO: [ app_begin ] --START--
INFO: ReadHtmlCache Behavior ::run [ RunTime:0.001000s ]
INFO: [ app_begin ] --END-- [ RunTime:0.001000s ]
ERR: 非法操作:skins

[ 2017-09-08T10:06:22+08:00 ] 127.0.0.1 /admin.php/Release/skins/molv/laydate.css
INFO: [ route_check ] --START--
INFO: CheckRoute Behavior ::run [ RunTime:0.000000s ]
INFO: [ route_check ] --END-- [ RunTime:0.000000s ]
INFO: [ app_begin ] --START--
INFO: ReadHtmlCache Behavior ::run [ RunTime:0.000000s ]
INFO: [ app_begin ] --END-- [ RunTime:0.000000s ]
ERR: 非法操作:skins

[ 2017-09-08T10:07:38+08:00 ] 127.0.0.1 /admin.php/Release/special
INFO: [ route_check ] --START--
INFO: CheckRoute Behavior ::run [ RunTime:0.000000s ]
INFO: [ route_check ] --END-- [ RunTime:0.001000s ]
INFO: [ app_begin ] --START--
INFO: ReadHtmlCache Behavior ::run [ RunTime:0.000000s ]
INFO: [ app_begin ] --END-- [ RunTime:0.000000s ]
SQL: SHOW COLUMNS FROM `mss_admin_log` [ RunTime:0.002000s ]
SQL: INSERT INTO `mss_admin_log` (`userid`,`time`,`loginfo`,`userip`) VALUES (1,1504836458,'管理员admin发布了特价旅游','127.0.0.1') [ RunTime:0.000000s ]
SQL: SHOW COLUMNS FROM `mss_special` [ RunTime:0.002000s ]
SQL: SELECT * FROM `mss_special` ORDER BY release_time desc  [ RunTime:0.000000s ]
INFO: [ view_parse ] --START--
NOTIC: [8] Undefined index: home_tilte D:\phpStudy\WWW\shop\Admin\Runtime\Cache\a040393ece880f1e64a79723b989aa12.php 第 276 行.
NOTIC: [8] Undefined variable: imagesdata D:\phpStudy\WWW\shop\Admin\Runtime\Cache\a040393ece880f1e64a79723b989aa12.php 第 319 行.
NOTIC: [8] Undefined index: home_tilte D:\phpStudy\WWW\shop\Admin\Runtime\Cache\a040393ece880f1e64a79723b989aa12.php 第 276 行.
NOTIC: [8] Undefined variable: imagesdata D:\phpStudy\WWW\shop\Admin\Runtime\Cache\a040393ece880f1e64a79723b989aa12.php 第 319 行.
INFO: ParseTemplate Behavior ::run [ RunTime:0.011001s ]
INFO: [ view_parse ] --END-- [ RunTime:0.011001s ]
INFO: [ view_filter ] --START--
INFO: ContentReplace Behavior ::run [ RunTime:0.001000s ]
INFO: TokenBuild Behavior ::run [ RunTime:0.000000s ]
INFO: WriteHtmlCache Behavior ::run [ RunTime:0.000000s ]
INFO: ShowRuntime Behavior ::run [ RunTime:0.000000s ]
INFO: [ view_filter ] --END-- [ RunTime:0.001000s ]
INFO: [ view_end ] --START--
INFO: ShowPageTrace Behavior ::run [ RunTime:0.000000s ]
INFO: [ view_end ] --END-- [ RunTime:0.000000s ]

[ 2017-09-08T10:07:42+08:00 ] 127.0.0.1 /admin.php/release/respecial/id/1?id=1
INFO: [ route_check ] --START--
INFO: CheckRoute Behavior ::run [ RunTime:0.001000s ]
INFO: [ route_check ] --END-- [ RunTime:0.001000s ]
INFO: [ app_begin ] --START--
INFO: ReadHtmlCache Behavior ::run [ RunTime:0.000000s ]
INFO: [ app_begin ] --END-- [ RunTime:0.000000s ]
SQL: SHOW COLUMNS FROM `mss_special` [ RunTime:0.002000s ]
SQL: SELECT * FROM `mss_special` WHERE ( id=1 ) LIMIT 1   [ RunTime:0.000000s ]
SQL: SHOW COLUMNS FROM `mss_special_images` [ RunTime:0.001000s ]
SQL: SELECT * FROM `mss_special_images` WHERE ( gid=1 )  [ RunTime:0.000000s ]
INFO: [ view_parse ] --START--
NOTIC: [8] Undefined index: home_tilte D:\phpStudy\WWW\shop\Admin\Runtime\Cache\a0eced789cdc649016349cb239bf5f28.php 第 198 行.
INFO: ParseTemplate Behavior ::run [ RunTime:0.006001s ]
INFO: [ view_parse ] --END-- [ RunTime:0.006001s ]
INFO: [ view_filter ] --START--
INFO: ContentReplace Behavior ::run [ RunTime:0.001000s ]
INFO: TokenBuild Behavior ::run [ RunTime:0.000000s ]
INFO: WriteHtmlCache Behavior ::run [ RunTime:0.000000s ]
INFO: ShowRuntime Behavior ::run [ RunTime:0.000000s ]
INFO: [ view_filter ] --END-- [ RunTime:0.001000s ]
INFO: [ view_end ] --START--
INFO: ShowPageTrace Behavior ::run [ RunTime:0.001000s ]
INFO: [ view_end ] --END-- [ RunTime:0.001000s ]

[ 2017-09-08T10:07:42+08:00 ] 127.0.0.1 /admin.php/Release/need/laydate.css
INFO: [ route_check ] --START--
INFO: CheckRoute Behavior ::run [ RunTime:0.000000s ]
INFO: [ route_check ] --END-- [ RunTime:0.000000s ]
INFO: [ app_begin ] --START--
INFO: ReadHtmlCache Behavior ::run [ RunTime:0.001000s ]
INFO: [ app_begin ] --END-- [ RunTime:0.001000s ]
ERR: 非法操作:need

[ 2017-09-08T10:07:42+08:00 ] 127.0.0.1 /admin.php/Release/skins/default/laydate.css
INFO: [ route_check ] --START--
INFO: CheckRoute Behavior ::run [ RunTime:0.000000s ]
INFO: [ route_check ] --END-- [ RunTime:0.000000s ]
INFO: [ app_begin ] --START--
INFO: ReadHtmlCache Behavior ::run [ RunTime:0.001000s ]
INFO: [ app_begin ] --END-- [ RunTime:0.001000s ]
ERR: 非法操作:skins

[ 2017-09-08T10:07:42+08:00 ] 127.0.0.1 /admin.php/Release/skins/molv/laydate.css
INFO: [ route_check ] --START--
INFO: CheckRoute Behavior ::run [ RunTime:0.001000s ]
INFO: [ route_check ] --END-- [ RunTime:0.001000s ]
INFO: [ app_begin ] --START--
INFO: ReadHtmlCache Behavior ::run [ RunTime:0.000000s ]
INFO: [ app_begin ] --END-- [ RunTime:0.001000s ]
ERR: 非法操作:skins

[ 2017-09-08T10:09:16+08:00 ] 127.0.0.1 /admin.php/Release/special
INFO: [ route_check ] --START--
INFO: CheckRoute Behavior ::run [ RunTime:0.001000s ]
INFO: [ route_check ] --END-- [ RunTime:0.001000s ]
INFO: [ app_begin ] --START--
INFO: ReadHtmlCache Behavior ::run [ RunTime:0.000000s ]
INFO: [ app_begin ] --END-- [ RunTime:0.000000s ]
SQL: SHOW COLUMNS FROM `mss_admin_log` [ RunTime:0.002000s ]
SQL: INSERT INTO `mss_admin_log` (`userid`,`time`,`loginfo`,`userip`) VALUES (1,1504836556,'管理员admin发布了特价旅游','127.0.0.1') [ RunTime:0.000000s ]
SQL: SHOW COLUMNS FROM `mss_special` [ RunTime:0.002000s ]
SQL: SELECT * FROM `mss_special` ORDER BY release_time desc  [ RunTime:0.000000s ]
INFO: [ view_parse ] --START--
NOTIC: [8] Undefined index: home_tilte D:\phpStudy\WWW\shop\Admin\Runtime\Cache\a040393ece880f1e64a79723b989aa12.php 第 256 行.
NOTIC: [8] Undefined variable: imagesdata D:\phpStudy\WWW\shop\Admin\Runtime\Cache\a040393ece880f1e64a79723b989aa12.php 第 299 行.
NOTIC: [8] Undefined index: home_tilte D:\phpStudy\WWW\shop\Admin\Runtime\Cache\a040393ece880f1e64a79723b989aa12.php 第 256 行.
NOTIC: [8] Undefined variable: imagesdata D:\phpStudy\WWW\shop\Admin\Runtime\Cache\a040393ece880f1e64a79723b989aa12.php 第 299 行.
INFO: ParseTemplate Behavior ::run [ RunTime:0.010000s ]
INFO: [ view_parse ] --END-- [ RunTime:0.010000s ]
INFO: [ view_filter ] --START--
INFO: ContentReplace Behavior ::run [ RunTime:0.000000s ]
INFO: TokenBuild Behavior ::run [ RunTime:0.000000s ]
INFO: WriteHtmlCache Behavior ::run [ RunTime:0.001000s ]
INFO: ShowRuntime Behavior ::run [ RunTime:0.000000s ]
INFO: [ view_filter ] --END-- [ RunTime:0.001000s ]
INFO: [ view_end ] --START--
INFO: ShowPageTrace Behavior ::run [ RunTime:0.000000s ]
INFO: [ view_end ] --END-- [ RunTime:0.000000s ]

[ 2017-09-08T10:11:53+08:00 ] 127.0.0.1 /admin.php/Release/special
INFO: [ route_check ] --START--
INFO: CheckRoute Behavior ::run [ RunTime:0.001000s ]
INFO: [ route_check ] --END-- [ RunTime:0.001000s ]
INFO: [ app_begin ] --START--
INFO: ReadHtmlCache Behavior ::run [ RunTime:0.001000s ]
INFO: [ app_begin ] --END-- [ RunTime:0.001000s ]
SQL: SHOW COLUMNS FROM `mss_admin_log` [ RunTime:0.002001s ]
SQL: INSERT INTO `mss_admin_log` (`userid`,`time`,`loginfo`,`userip`) VALUES (1,1504836712,'管理员admin发布了特价旅游','127.0.0.1') [ RunTime:0.000000s ]
SQL: SHOW COLUMNS FROM `mss_special` [ RunTime:0.002000s ]
SQL: SELECT * FROM `mss_special` ORDER BY release_time desc  [ RunTime:0.000000s ]
INFO: [ view_parse ] --START--
NOTIC: [8] Undefined index: home_tilte D:\phpStudy\WWW\shop\Admin\Runtime\Cache\a040393ece880f1e64a79723b989aa12.php 第 256 行.
NOTIC: [8] Undefined variable: imagesdata D:\phpStudy\WWW\shop\Admin\Runtime\Cache\a040393ece880f1e64a79723b989aa12.php 第 299 行.
NOTIC: [8] Undefined index: home_tilte D:\phpStudy\WWW\shop\Admin\Runtime\Cache\a040393ece880f1e64a79723b989aa12.php 第 256 行.
NOTIC: [8] Undefined variable: imagesdata D:\phpStudy\WWW\shop\Admin\Runtime\Cache\a040393ece880f1e64a79723b989aa12.php 第 299 行.
INFO: ParseTemplate Behavior ::run [ RunTime:0.012000s ]
INFO: [ view_parse ] --END-- [ RunTime:0.012000s ]
INFO: [ view_filter ] --START--
INFO: ContentReplace Behavior ::run [ RunTime:0.001000s ]
INFO: TokenBuild Behavior ::run [ RunTime:0.000000s ]
INFO: WriteHtmlCache Behavior ::run [ RunTime:0.000000s ]
INFO: ShowRuntime Behavior ::run [ RunTime:0.001000s ]
INFO: [ view_filter ] --END-- [ RunTime:0.002000s ]
INFO: [ view_end ] --START--
INFO: ShowPageTrace Behavior ::run [ RunTime:0.000000s ]
INFO: [ view_end ] --END-- [ RunTime:0.000000s ]

[ 2017-09-08T10:11:58+08:00 ] 127.0.0.1 /admin.php/release/respecial/id/1?id=1
INFO: [ route_check ] --START--
INFO: CheckRoute Behavior ::run [ RunTime:0.000000s ]
INFO: [ route_check ] --END-- [ RunTime:0.000000s ]
INFO: [ app_begin ] --START--
INFO: ReadHtmlCache Behavior ::run [ RunTime:0.000000s ]
INFO: [ app_begin ] --END-- [ RunTime:0.000000s ]
SQL: SHOW COLUMNS FROM `mss_special` [ RunTime:0.001000s ]
SQL: SELECT * FROM `mss_special` WHERE ( id=1 ) LIMIT 1   [ RunTime:0.001000s ]
SQL: SHOW COLUMNS FROM `mss_special_images` [ RunTime:0.001000s ]
SQL: SELECT * FROM `mss_special_images` WHERE ( gid=1 )  [ RunTime:0.000000s ]
INFO: [ view_parse ] --START--
NOTIC: [8] Undefined index: home_tilte D:\phpStudy\WWW\shop\Admin\Runtime\Cache\a0eced789cdc649016349cb239bf5f28.php 第 68 行.
INFO: ParseTemplate Behavior ::run [ RunTime:0.004000s ]
INFO: [ view_parse ] --END-- [ RunTime:0.004000s ]
INFO: [ view_filter ] --START--
INFO: ContentReplace Behavior ::run [ RunTime:0.001001s ]
INFO: TokenBuild Behavior ::run [ RunTime:0.000000s ]
INFO: WriteHtmlCache Behavior ::run [ RunTime:0.000000s ]
INFO: ShowRuntime Behavior ::run [ RunTime:0.000000s ]
INFO: [ view_filter ] --END-- [ RunTime:0.001001s ]
INFO: [ view_end ] --START--
INFO: ShowPageTrace Behavior ::run [ RunTime:0.001000s ]
INFO: [ view_end ] --END-- [ RunTime:0.001000s ]

[ 2017-09-08T10:12:24+08:00 ] 127.0.0.1 /admin.php/Release/special
INFO: [ route_check ] --START--
INFO: CheckRoute Behavior ::run [ RunTime:0.001000s ]
INFO: [ route_check ] --END-- [ RunTime:0.001000s ]
INFO: [ app_begin ] --START--
INFO: ReadHtmlCache Behavior ::run [ RunTime:0.001000s ]
INFO: [ app_begin ] --END-- [ RunTime:0.001000s ]
SQL: SHOW COLUMNS FROM `mss_admin_log` [ RunTime:0.002000s ]
SQL: INSERT INTO `mss_admin_log` (`userid`,`time`,`loginfo`,`userip`) VALUES (1,1504836744,'管理员admin发布了特价旅游','127.0.0.1') [ RunTime:0.000000s ]
SQL: SHOW COLUMNS FROM `mss_special` [ RunTime:0.002000s ]
SQL: SELECT * FROM `mss_special` ORDER BY release_time desc  [ RunTime:0.000000s ]
INFO: [ view_parse ] --START--
NOTIC: [8] Undefined index: home_tilte D:\phpStudy\WWW\shop\Admin\Runtime\Cache\a040393ece880f1e64a79723b989aa12.php 第 256 行.
NOTIC: [8] Undefined variable: imagesdata D:\phpStudy\WWW\shop\Admin\Runtime\Cache\a040393ece880f1e64a79723b989aa12.php 第 299 行.
NOTIC: [8] Undefined index: home_tilte D:\phpStudy\WWW\shop\Admin\Runtime\Cache\a040393ece880f1e64a79723b989aa12.php 第 256 行.
NOTIC: [8] Undefined variable: imagesdata D:\phpStudy\WWW\shop\Admin\Runtime\Cache\a040393ece880f1e64a79723b989aa12.php 第 299 行.
INFO: ParseTemplate Behavior ::run [ RunTime:0.010001s ]
INFO: [ view_parse ] --END-- [ RunTime:0.010001s ]
INFO: [ view_filter ] --START--
INFO: ContentReplace Behavior ::run [ RunTime:0.000000s ]
INFO: TokenBuild Behavior ::run [ RunTime:0.000000s ]
INFO: WriteHtmlCache Behavior ::run [ RunTime:0.000000s ]
INFO: ShowRuntime Behavior ::run [ RunTime:0.001000s ]
INFO: [ view_filter ] --END-- [ RunTime:0.001000s ]
INFO: [ view_end ] --START--
INFO: ShowPageTrace Behavior ::run [ RunTime:0.000000s ]
INFO: [ view_end ] --END-- [ RunTime:0.000000s ]

[ 2017-09-08T10:12:26+08:00 ] 127.0.0.1 /admin.php/release/respecial/id/1?id=1
INFO: [ route_check ] --START--
INFO: CheckRoute Behavior ::run [ RunTime:0.000000s ]
INFO: [ route_check ] --END-- [ RunTime:0.001000s ]
INFO: [ app_begin ] --START--
INFO: ReadHtmlCache Behavior ::run [ RunTime:0.000000s ]
INFO: [ app_begin ] --END-- [ RunTime:0.000000s ]
SQL: SHOW COLUMNS FROM `mss_special` [ RunTime:0.002000s ]
SQL: SELECT * FROM `mss_special` WHERE ( id=1 ) LIMIT 1   [ RunTime:0.000000s ]
SQL: SHOW COLUMNS FROM `mss_special_images` [ RunTime:0.001000s ]
SQL: SELECT * FROM `mss_special_images` WHERE ( gid=1 )  [ RunTime:0.000000s ]
INFO: [ view_parse ] --START--
NOTIC: [8] Undefined index: home_tilte D:\phpStudy\WWW\shop\Admin\Runtime\Cache\a0eced789cdc649016349cb239bf5f28.php 第 68 行.
INFO: ParseTemplate Behavior ::run [ RunTime:0.005001s ]
INFO: [ view_parse ] --END-- [ RunTime:0.005001s ]
INFO: [ view_filter ] --START--
INFO: ContentReplace Behavior ::run [ RunTime:0.000000s ]
INFO: TokenBuild Behavior ::run [ RunTime:0.000000s ]
INFO: WriteHtmlCache Behavior ::run [ RunTime:0.000000s ]
INFO: ShowRuntime Behavior ::run [ RunTime:0.000000s ]
INFO: [ view_filter ] --END-- [ RunTime:0.001000s ]
INFO: [ view_end ] --START--
INFO: ShowPageTrace Behavior ::run [ RunTime:0.000000s ]
INFO: [ view_end ] --END-- [ RunTime:0.000000s ]

[ 2017-09-08T10:14:37+08:00 ] 127.0.0.1 /admin.php/Release/special
INFO: [ route_check ] --START--
INFO: CheckRoute Behavior ::run [ RunTime:0.001000s ]
INFO: [ route_check ] --END-- [ RunTime:0.001000s ]
INFO: [ app_begin ] --START--
INFO: ReadHtmlCache Behavior ::run [ RunTime:0.001000s ]
INFO: [ app_begin ] --END-- [ RunTime:0.001000s ]
SQL: SHOW COLUMNS FROM `mss_admin_log` [ RunTime:0.002000s ]
SQL: INSERT INTO `mss_admin_log` (`userid`,`time`,`loginfo`,`userip`) VALUES (1,1504836877,'管理员admin发布了特价旅游','127.0.0.1') [ RunTime:0.000000s ]
SQL: SHOW COLUMNS FROM `mss_special` [ RunTime:0.002000s ]
SQL: SELECT * FROM `mss_special` ORDER BY release_time desc  [ RunTime:0.000000s ]
INFO: [ view_parse ] --START--
NOTIC: [8] Undefined index: home_tilte D:\phpStudy\WWW\shop\Admin\Runtime\Cache\a040393ece880f1e64a79723b989aa12.php 第 256 行.
NOTIC: [8] Undefined variable: imagesdata D:\phpStudy\WWW\shop\Admin\Runtime\Cache\a040393ece880f1e64a79723b989aa12.php 第 299 行.
NOTIC: [8] Undefined index: home_tilte D:\phpStudy\WWW\shop\Admin\Runtime\Cache\a040393ece880f1e64a79723b989aa12.php 第 256 行.
NOTIC: [8] Undefined variable: imagesdata D:\phpStudy\WWW\shop\Admin\Runtime\Cache\a040393ece880f1e64a79723b989aa12.php 第 299 行.
INFO: ParseTemplate Behavior ::run [ RunTime:0.013000s ]
INFO: [ view_parse ] --END-- [ RunTime:0.013000s ]
INFO: [ view_filter ] --START--
INFO: ContentReplace Behavior ::run [ RunTime:0.000000s ]
INFO: TokenBuild Behavior ::run [ RunTime:0.001000s ]
INFO: WriteHtmlCache Behavior ::run [ RunTime:0.000000s ]
INFO: ShowRuntime Behavior ::run [ RunTime:0.001000s ]
INFO: [ view_filter ] --END-- [ RunTime:0.002000s ]
INFO: [ view_end ] --START--
INFO: ShowPageTrace Behavior ::run [ RunTime:0.000000s ]
INFO: [ view_end ] --END-- [ RunTime:0.000000s ]

[ 2017-09-08T10:14:48+08:00 ] 127.0.0.1 /admin.php/release/respecial/id/1?id=1
INFO: [ route_check ] --START--
INFO: CheckRoute Behavior ::run [ RunTime:0.000000s ]
INFO: [ route_check ] --END-- [ RunTime:0.001000s ]
INFO: [ app_begin ] --START--
INFO: ReadHtmlCache Behavior ::run [ RunTime:0.001000s ]
INFO: [ app_begin ] --END-- [ RunTime:0.001000s ]
SQL: SHOW COLUMNS FROM `mss_special` [ RunTime:0.001000s ]
SQL: SELECT * FROM `mss_special` WHERE ( id=1 ) LIMIT 1   [ RunTime:0.001001s ]
SQL: SHOW COLUMNS FROM `mss_special_images` [ RunTime:0.001000s ]
SQL: SELECT * FROM `mss_special_images` WHERE ( gid=1 )  [ RunTime:0.000000s ]
INFO: [ view_parse ] --START--
NOTIC: [8] Undefined index: home_tilte D:\phpStudy\WWW\shop\Admin\Runtime\Cache\a0eced789cdc649016349cb239bf5f28.php 第 68 行.
INFO: ParseTemplate Behavior ::run [ RunTime:0.005000s ]
INFO: [ view_parse ] --END-- [ RunTime:0.005000s ]
INFO: [ view_filter ] --START--
INFO: ContentReplace Behavior ::run [ RunTime:0.000000s ]
INFO: TokenBuild Behavior ::run [ RunTime:0.000000s ]
INFO: WriteHtmlCache Behavior ::run [ RunTime:0.000000s ]
INFO: ShowRuntime Behavior ::run [ RunTime:0.000000s ]
INFO: [ view_filter ] --END-- [ RunTime:0.001000s ]
INFO: [ view_end ] --START--
INFO: ShowPageTrace Behavior ::run [ RunTime:0.000000s ]
INFO: [ view_end ] --END-- [ RunTime:0.000000s ]

