[ 2017-09-01T16:53:19+08:00 ] 127.0.0.1 /admin.php/Release/special
INFO: [ route_check ] --START--
INFO: CheckRoute Behavior ::run [ RunTime:0.001000s ]
INFO: [ route_check ] --END-- [ RunTime:0.001000s ]
INFO: [ app_begin ] --START--
INFO: ReadHtmlCache Behavior ::run [ RunTime:0.001000s ]
INFO: [ app_begin ] --END-- [ RunTime:0.001000s ]
SQL: SHOW COLUMNS FROM `mss_admin_log` [ RunTime:0.003001s ]
SQL: INSERT INTO `mss_admin_log` (`userid`,`time`,`loginfo`,`userip`) VALUES (1,1504255999,'管理员admin发布了特价旅游','127.0.0.1') [ RunTime:0.000000s ]
SQL: SHOW COLUMNS FROM `mss_special` [ RunTime:0.002000s ]
SQL: SELECT * FROM `mss_special` ORDER BY release_time desc  [ RunTime:0.000000s ]
INFO: [ view_parse ] --START--

[ 2017-09-01T16:53:19+08:00 ] 127.0.0.1 /admin.php/Release/special
INFO: [ route_check ] --START--
INFO: CheckRoute Behavior ::run [ RunTime:0.001001s ]
INFO: [ route_check ] --END-- [ RunTime:0.001001s ]
INFO: [ app_begin ] --START--
INFO: ReadHtmlCache Behavior ::run [ RunTime:0.000000s ]
INFO: [ app_begin ] --END-- [ RunTime:0.000000s ]
SQL: SHOW COLUMNS FROM `mss_admin_log` [ RunTime:0.002001s ]
SQL: INSERT INTO `mss_admin_log` (`userid`,`time`,`loginfo`,`userip`) VALUES (1,1504255999,'管理员admin发布了特价旅游','127.0.0.1') [ RunTime:0.000000s ]
SQL: SHOW COLUMNS FROM `mss_special` [ RunTime:0.003000s ]
SQL: SELECT * FROM `mss_special` ORDER BY release_time desc  [ RunTime:0.000000s ]
INFO: [ view_parse ] --START--

[ 2017-09-01T16:53:22+08:00 ] 127.0.0.1 /admin.php/Release/banner
INFO: [ route_check ] --START--
INFO: CheckRoute Behavior ::run [ RunTime:0.001001s ]
INFO: [ route_check ] --END-- [ RunTime:0.001001s ]
INFO: [ app_begin ] --START--
INFO: ReadHtmlCache Behavior ::run [ RunTime:0.000000s ]
INFO: [ app_begin ] --END-- [ RunTime:0.000000s ]
SQL: SHOW COLUMNS FROM `mss_banners` [ RunTime:0.003000s ]
SQL: SELECT * FROM `mss_banners` ORDER BY upload_time desc  [ RunTime:0.001001s ]
INFO: [ view_parse ] --START--
INFO: ParseTemplate Behavior ::run [ RunTime:0.010000s ]
INFO: [ view_parse ] --END-- [ RunTime:0.010000s ]
INFO: [ view_filter ] --START--
INFO: ContentReplace Behavior ::run [ RunTime:0.000000s ]
INFO: TokenBuild Behavior ::run [ RunTime:0.001000s ]
INFO: WriteHtmlCache Behavior ::run [ RunTime:0.000000s ]
INFO: ShowRuntime Behavior ::run [ RunTime:0.001000s ]
INFO: [ view_filter ] --END-- [ RunTime:0.002000s ]
INFO: [ view_end ] --START--
INFO: ShowPageTrace Behavior ::run [ RunTime:0.001000s ]
INFO: [ view_end ] --END-- [ RunTime:0.001000s ]

[ 2017-09-01T16:53:24+08:00 ] 127.0.0.1 /admin.php/release/rebanner/id/5
INFO: [ route_check ] --START--
INFO: CheckRoute Behavior ::run [ RunTime:0.001000s ]
INFO: [ route_check ] --END-- [ RunTime:0.001000s ]
INFO: [ app_begin ] --START--
INFO: ReadHtmlCache Behavior ::run [ RunTime:0.001000s ]
INFO: [ app_begin ] --END-- [ RunTime:0.001000s ]
SQL: SHOW COLUMNS FROM `mss_banners` [ RunTime:0.002001s ]
SQL: SELECT * FROM `mss_banners` WHERE ( id=5 ) LIMIT 1   [ RunTime:0.000000s ]

[ 2017-09-01T16:53:29+08:00 ] 127.0.0.1 /admin.php/Release/special
INFO: [ route_check ] --START--
INFO: CheckRoute Behavior ::run [ RunTime:0.001000s ]
INFO: [ route_check ] --END-- [ RunTime:0.002000s ]
INFO: [ app_begin ] --START--
INFO: ReadHtmlCache Behavior ::run [ RunTime:0.001000s ]
INFO: [ app_begin ] --END-- [ RunTime:0.001000s ]
SQL: SHOW COLUMNS FROM `mss_admin_log` [ RunTime:0.003000s ]
SQL: INSERT INTO `mss_admin_log` (`userid`,`time`,`loginfo`,`userip`) VALUES (1,1504256009,'管理员admin发布了特价旅游','127.0.0.1') [ RunTime:0.000000s ]
SQL: SHOW COLUMNS FROM `mss_special` [ RunTime:0.003000s ]
SQL: SELECT * FROM `mss_special` ORDER BY release_time desc  [ RunTime:0.001000s ]
INFO: [ view_parse ] --START--

[ 2017-09-01T16:55:37+08:00 ] 127.0.0.1 /admin.php/Release/special
INFO: [ route_check ] --START--
INFO: CheckRoute Behavior ::run [ RunTime:0.001000s ]
INFO: [ route_check ] --END-- [ RunTime:0.001000s ]
INFO: [ app_begin ] --START--
INFO: ReadHtmlCache Behavior ::run [ RunTime:0.001000s ]
INFO: [ app_begin ] --END-- [ RunTime:0.001000s ]
SQL: SHOW COLUMNS FROM `mss_admin_log` [ RunTime:0.003000s ]
SQL: INSERT INTO `mss_admin_log` (`userid`,`time`,`loginfo`,`userip`) VALUES (1,1504256137,'管理员admin发布了特价旅游','127.0.0.1') [ RunTime:0.000000s ]
SQL: SHOW COLUMNS FROM `mss_special` [ RunTime:0.003000s ]
SQL: SELECT * FROM `mss_special` ORDER BY release_time desc  [ RunTime:0.000000s ]
INFO: [ view_parse ] --START--
NOTIC: [8] Undefined index: home_tilte D:\phpStudy\WWW\shop\Admin\Runtime\Cache\a040393ece880f1e64a79723b989aa12.php 第 242 行.
NOTIC: [8] Undefined variable: label_name D:\phpStudy\WWW\shop\Admin\Runtime\Cache\a040393ece880f1e64a79723b989aa12.php 第 271 行.
NOTIC: [8] Undefined variable: iamgesdata D:\phpStudy\WWW\shop\Admin\Runtime\Cache\a040393ece880f1e64a79723b989aa12.php 第 276 行.
NOTIC: [8] Undefined variable: iamgesdata D:\phpStudy\WWW\shop\Admin\Runtime\Cache\a040393ece880f1e64a79723b989aa12.php 第 277 行.
NOTIC: [8] Undefined variable: iamgesdata D:\phpStudy\WWW\shop\Admin\Runtime\Cache\a040393ece880f1e64a79723b989aa12.php 第 278 行.
NOTIC: [8] Undefined variable: special_images D:\phpStudy\WWW\shop\Admin\Runtime\Cache\a040393ece880f1e64a79723b989aa12.php 第 288 行.
INFO: ParseTemplate Behavior ::run [ RunTime:0.016001s ]
INFO: [ view_parse ] --END-- [ RunTime:0.016001s ]
INFO: [ view_filter ] --START--
INFO: ContentReplace Behavior ::run [ RunTime:0.000000s ]
INFO: TokenBuild Behavior ::run [ RunTime:0.001000s ]
INFO: WriteHtmlCache Behavior ::run [ RunTime:0.000000s ]
INFO: ShowRuntime Behavior ::run [ RunTime:0.001000s ]
INFO: [ view_filter ] --END-- [ RunTime:0.002000s ]
INFO: [ view_end ] --START--
INFO: ShowPageTrace Behavior ::run [ RunTime:0.000000s ]
INFO: [ view_end ] --END-- [ RunTime:0.000000s ]

