[ 2017-08-31T09:03:20+08:00 ] 127.0.0.1 /
INFO: [ route_check ] --START--
INFO: CheckRoute Behavior ::run [ RunTime:0.000000s ]
INFO: [ route_check ] --END-- [ RunTime:0.000000s ]
INFO: [ app_begin ] --START--
INFO: ReadHtmlCache Behavior ::run [ RunTime:0.000000s ]
INFO: [ app_begin ] --END-- [ RunTime:0.000000s ]
SQL: SHOW COLUMNS FROM `mss_goods_category` [ RunTime:0.000000s ]
SQL: SELECT * FROM `mss_goods_category` WHERE ( sid=0 )  [ RunTime:0.000000s ]
SQL: SELECT * FROM `mss_goods_category`  [ RunTime:0.000000s ]
SQL: SHOW COLUMNS FROM `mss_carts` [ RunTime:0.015600s ]
SQL: SELECT * FROM `mss_carts` WHERE ( uid=1 )  [ RunTime:0.000000s ]
NOTIC: [2] Invalid argument supplied for foreach() D:\phpStudy\WWW\shop\Index\Lib\Action\IndexAction.class.php 第 56 行.
SQL: SHOW COLUMNS FROM `mss_goods` [ RunTime:0.000000s ]
SQL: SELECT * FROM `mss_goods` WHERE ( `id` IN () )  [ RunTime:0.000000s ]
ERR: 1064:You have an error in your SQL syntax; check the manual that corresponds to your MySQL server version for the right syntax to use near ') )' at line 1
 [ SQL语句 ] : SELECT * FROM `mss_goods` WHERE ( `id` IN () ) 
NOTIC: [2] Invalid argument supplied for foreach() D:\phpStudy\WWW\shop\Index\Lib\Action\IndexAction.class.php 第 66 行.
SQL: SELECT * FROM `mss_goods` WHERE ( tuijian=1 AND issell=1 )  [ RunTime:0.000000s ]
SQL: SELECT * FROM `mss_goods` WHERE ( zuixin=1 AND issell=1 )  [ RunTime:0.000000s ]
SQL: SHOW COLUMNS FROM `mss_webconfig` [ RunTime:0.000000s ]
SQL: SELECT * FROM `mss_webconfig`  [ RunTime:0.000000s ]
SQL: SHOW COLUMNS FROM `mss_links` [ RunTime:0.015600s ]
SQL: SELECT * FROM `mss_webconfig`  [ RunTime:0.000000s ]
SQL: SELECT * FROM `mss_links`  [ RunTime:0.000000s ]
NOTIC: [8] Undefined index: item D:\phpStudy\WWW\shop\Index\Lib\Action\BaseAction.class.php 第 38 行.
NOTIC: [8] Undefined index: content D:\phpStudy\WWW\shop\Index\Lib\Action\BaseAction.class.php 第 38 行.
INFO: [ view_parse ] --START--
INFO: ParseTemplate Behavior ::run [ RunTime:0.031200s ]
INFO: [ view_parse ] --END-- [ RunTime:0.031200s ]
INFO: [ view_filter ] --START--
INFO: ContentReplace Behavior ::run [ RunTime:0.000000s ]
INFO: TokenBuild Behavior ::run [ RunTime:0.000000s ]
INFO: WriteHtmlCache Behavior ::run [ RunTime:0.000000s ]
INFO: ShowRuntime Behavior ::run [ RunTime:0.000000s ]
INFO: [ view_filter ] --END-- [ RunTime:0.000000s ]
INFO: [ view_end ] --START--
INFO: ShowPageTrace Behavior ::run [ RunTime:0.000000s ]
INFO: [ view_end ] --END-- [ RunTime:0.000000s ]

[ 2017-08-31T10:12:07+08:00 ] 127.0.0.1 /
INFO: [ route_check ] --START--
INFO: CheckRoute Behavior ::run [ RunTime:0.001000s ]
INFO: [ route_check ] --END-- [ RunTime:0.001000s ]
INFO: [ app_begin ] --START--
INFO: ReadHtmlCache Behavior ::run [ RunTime:0.001000s ]
INFO: [ app_begin ] --END-- [ RunTime:0.001000s ]
SQL: SHOW COLUMNS FROM `mss_goods_category` [ RunTime:0.003000s ]
SQL: SELECT * FROM `mss_goods_category` WHERE ( sid=0 )  [ RunTime:0.000000s ]
SQL: SELECT * FROM `mss_goods_category`  [ RunTime:0.000000s ]
SQL: SHOW COLUMNS FROM `mss_carts` [ RunTime:0.003001s ]
SQL: SELECT * FROM `mss_carts` WHERE ( uid=1 )  [ RunTime:0.000000s ]
NOTIC: [2] Invalid argument supplied for foreach() D:\phpStudy\WWW\shop\Index\Lib\Action\IndexAction.class.php 第 56 行.
SQL: SHOW COLUMNS FROM `mss_goods` [ RunTime:0.003000s ]
SQL: SELECT * FROM `mss_goods` WHERE ( `id` IN () )  [ RunTime:0.000000s ]
ERR: 1064:You have an error in your SQL syntax; check the manual that corresponds to your MySQL server version for the right syntax to use near ') )' at line 1
 [ SQL语句 ] : SELECT * FROM `mss_goods` WHERE ( `id` IN () ) 
NOTIC: [2] Invalid argument supplied for foreach() D:\phpStudy\WWW\shop\Index\Lib\Action\IndexAction.class.php 第 66 行.
SQL: SELECT * FROM `mss_goods` WHERE ( tuijian=1 AND issell=1 )  [ RunTime:0.000000s ]
SQL: SELECT * FROM `mss_goods` WHERE ( zuixin=1 AND issell=1 )  [ RunTime:0.001000s ]
SQL: SHOW COLUMNS FROM `mss_webconfig` [ RunTime:0.002000s ]
SQL: SELECT * FROM `mss_webconfig`  [ RunTime:0.000000s ]
SQL: SHOW COLUMNS FROM `mss_links` [ RunTime:0.003000s ]
SQL: SELECT * FROM `mss_webconfig`  [ RunTime:0.000000s ]
SQL: SELECT * FROM `mss_links`  [ RunTime:0.001000s ]
NOTIC: [8] Undefined index: item D:\phpStudy\WWW\shop\Index\Lib\Action\BaseAction.class.php 第 38 行.
NOTIC: [8] Undefined index: content D:\phpStudy\WWW\shop\Index\Lib\Action\BaseAction.class.php 第 38 行.
INFO: [ view_parse ] --START--
INFO: ParseTemplate Behavior ::run [ RunTime:0.016001s ]
INFO: [ view_parse ] --END-- [ RunTime:0.016001s ]
INFO: [ view_filter ] --START--
INFO: ContentReplace Behavior ::run [ RunTime:0.000000s ]
INFO: TokenBuild Behavior ::run [ RunTime:0.001000s ]
INFO: WriteHtmlCache Behavior ::run [ RunTime:0.000000s ]
INFO: ShowRuntime Behavior ::run [ RunTime:0.000000s ]
INFO: [ view_filter ] --END-- [ RunTime:0.001000s ]
INFO: [ view_end ] --START--
INFO: ShowPageTrace Behavior ::run [ RunTime:0.001000s ]
INFO: [ view_end ] --END-- [ RunTime:0.001000s ]

[ 2017-08-31T10:14:44+08:00 ] 127.0.0.1 /Products/product/id/16
INFO: [ route_check ] --START--
INFO: CheckRoute Behavior ::run [ RunTime:0.001000s ]
INFO: [ route_check ] --END-- [ RunTime:0.001000s ]
INFO: [ app_begin ] --START--
INFO: ReadHtmlCache Behavior ::run [ RunTime:0.001000s ]
INFO: [ app_begin ] --END-- [ RunTime:0.001000s ]
SQL: SHOW COLUMNS FROM `mss_goods` [ RunTime:0.003000s ]
SQL: SELECT * FROM `mss_goods` WHERE ( `id` = 16 ) LIMIT 1   [ RunTime:0.000000s ]
SQL: SHOW COLUMNS FROM `mss_goods_category` [ RunTime:0.002000s ]
SQL: SELECT * FROM `mss_goods_category` WHERE ( sid=0 )  [ RunTime:0.000000s ]
SQL: SELECT * FROM `mss_goods_category`  [ RunTime:0.000000s ]
SQL: SHOW COLUMNS FROM `mss_goods_type` [ RunTime:0.014001s ]
SQL: SELECT * FROM `mss_goods_type`  [ RunTime:0.000000s ]
SQL: SHOW COLUMNS FROM `mss_comment` [ RunTime:0.023001s ]
SQL: SELECT * FROM `mss_comment` WHERE ( gid=16 )  [ RunTime:0.000000s ]
SQL: SHOW COLUMNS FROM `mss_user` [ RunTime:0.004000s ]
NOTIC: [2] Invalid argument supplied for foreach() D:\phpStudy\WWW\shop\Index\Lib\Action\ProductsAction.class.php 第 234 行.
SQL: SELECT * FROM `mss_goods` WHERE ( tuijian=1 )  [ RunTime:0.000000s ]
SQL: SHOW COLUMNS FROM `mss_images` [ RunTime:0.013001s ]
SQL: SELECT * FROM `mss_images` WHERE ( `gid` = 16 ) LIMIT 1,3   [ RunTime:0.006000s ]
SQL: SHOW COLUMNS FROM `mss_webconfig` [ RunTime:0.004000s ]
SQL: SELECT * FROM `mss_webconfig`  [ RunTime:0.000000s ]
SQL: SHOW COLUMNS FROM `mss_links` [ RunTime:0.004001s ]
SQL: SELECT * FROM `mss_webconfig`  [ RunTime:0.000000s ]
SQL: SELECT * FROM `mss_links`  [ RunTime:0.001000s ]
NOTIC: [8] Undefined index: item D:\phpStudy\WWW\shop\Index\Lib\Action\BaseAction.class.php 第 38 行.
NOTIC: [8] Undefined index: content D:\phpStudy\WWW\shop\Index\Lib\Action\BaseAction.class.php 第 38 行.
INFO: [ view_parse ] --START--
INFO: ParseTemplate Behavior ::run [ RunTime:0.043002s ]
INFO: [ view_parse ] --END-- [ RunTime:0.043002s ]
INFO: [ view_filter ] --START--
INFO: ContentReplace Behavior ::run [ RunTime:0.001000s ]
INFO: TokenBuild Behavior ::run [ RunTime:0.000000s ]
INFO: WriteHtmlCache Behavior ::run [ RunTime:0.000000s ]
INFO: ShowRuntime Behavior ::run [ RunTime:0.001000s ]
INFO: [ view_filter ] --END-- [ RunTime:0.002000s ]
INFO: [ view_end ] --START--
INFO: ShowPageTrace Behavior ::run [ RunTime:0.001000s ]
INFO: [ view_end ] --END-- [ RunTime:0.001000s ]

[ 2017-08-31T10:16:13+08:00 ] 127.0.0.1 /index.php/Checkout/checkout/id/16
INFO: [ route_check ] --START--
INFO: CheckRoute Behavior ::run [ RunTime:0.000000s ]
INFO: [ route_check ] --END-- [ RunTime:0.000000s ]
INFO: [ app_begin ] --START--
INFO: ReadHtmlCache Behavior ::run [ RunTime:0.000000s ]
INFO: [ app_begin ] --END-- [ RunTime:0.000000s ]
SQL: SHOW COLUMNS FROM `mss_goods_category` [ RunTime:0.001001s ]
SQL: SELECT * FROM `mss_goods_category` WHERE ( sid=0 )  [ RunTime:0.000000s ]
SQL: SELECT * FROM `mss_goods_category`  [ RunTime:0.000000s ]
SQL: SHOW COLUMNS FROM `mss_carts` [ RunTime:0.001000s ]
SQL: SELECT * FROM `mss_carts` WHERE ( uid=1 )  [ RunTime:0.000000s ]
NOTIC: [2] Invalid argument supplied for foreach() D:\phpStudy\WWW\shop\Index\Lib\Action\IndexAction.class.php 第 56 行.
SQL: SHOW COLUMNS FROM `mss_goods` [ RunTime:0.002000s ]
SQL: SELECT * FROM `mss_goods` WHERE ( `id` IN () )  [ RunTime:0.000000s ]
ERR: 1064:You have an error in your SQL syntax; check the manual that corresponds to your MySQL server version for the right syntax to use near ') )' at line 1
 [ SQL语句 ] : SELECT * FROM `mss_goods` WHERE ( `id` IN () ) 
NOTIC: [2] Invalid argument supplied for foreach() D:\phpStudy\WWW\shop\Index\Lib\Action\IndexAction.class.php 第 66 行.
SQL: SELECT * FROM `mss_goods` WHERE ( tuijian=1 AND issell=1 )  [ RunTime:0.000000s ]
SQL: SELECT * FROM `mss_goods` WHERE ( zuixin=1 AND issell=1 )  [ RunTime:0.001000s ]
SQL: SHOW COLUMNS FROM `mss_webconfig` [ RunTime:0.001000s ]
SQL: SELECT * FROM `mss_webconfig`  [ RunTime:0.000000s ]
SQL: SHOW COLUMNS FROM `mss_links` [ RunTime:0.002000s ]
SQL: SELECT * FROM `mss_webconfig`  [ RunTime:0.000000s ]
SQL: SELECT * FROM `mss_links`  [ RunTime:0.000000s ]
NOTIC: [8] Undefined index: item D:\phpStudy\WWW\shop\Index\Lib\Action\BaseAction.class.php 第 38 行.
NOTIC: [8] Undefined index: content D:\phpStudy\WWW\shop\Index\Lib\Action\BaseAction.class.php 第 38 行.
INFO: [ view_parse ] --START--
INFO: ParseTemplate Behavior ::run [ RunTime:0.011001s ]
INFO: [ view_parse ] --END-- [ RunTime:0.011001s ]
INFO: [ view_filter ] --START--
INFO: ContentReplace Behavior ::run [ RunTime:0.000000s ]
INFO: TokenBuild Behavior ::run [ RunTime:0.001000s ]
INFO: WriteHtmlCache Behavior ::run [ RunTime:0.000000s ]
INFO: ShowRuntime Behavior ::run [ RunTime:0.000000s ]
INFO: [ view_filter ] --END-- [ RunTime:0.001000s ]
INFO: [ view_end ] --START--
INFO: ShowPageTrace Behavior ::run [ RunTime:0.001000s ]
INFO: [ view_end ] --END-- [ RunTime:0.001000s ]

[ 2017-08-31T11:32:28+08:00 ] 127.0.0.1 /
INFO: [ route_check ] --START--
INFO: CheckRoute Behavior ::run [ RunTime:0.002000s ]
INFO: [ route_check ] --END-- [ RunTime:0.002000s ]
INFO: [ app_begin ] --START--
INFO: ReadHtmlCache Behavior ::run [ RunTime:0.001000s ]
INFO: [ app_begin ] --END-- [ RunTime:0.001000s ]
SQL: SHOW COLUMNS FROM `mss_goods_category` [ RunTime:0.004000s ]
SQL: SELECT * FROM `mss_goods_category` WHERE ( sid=0 )  [ RunTime:0.000000s ]
SQL: SELECT * FROM `mss_goods_category`  [ RunTime:0.000000s ]
SQL: SHOW COLUMNS FROM `mss_carts` [ RunTime:0.002000s ]
SQL: SELECT * FROM `mss_carts` WHERE ( uid=1 )  [ RunTime:0.000000s ]
NOTIC: [2] Invalid argument supplied for foreach() D:\phpStudy\WWW\shop\Index\Lib\Action\IndexAction.class.php 第 56 行.
SQL: SHOW COLUMNS FROM `mss_goods` [ RunTime:0.002000s ]
SQL: SELECT * FROM `mss_goods` WHERE ( `id` IN () )  [ RunTime:0.001000s ]
ERR: 1064:You have an error in your SQL syntax; check the manual that corresponds to your MySQL server version for the right syntax to use near ') )' at line 1
 [ SQL语句 ] : SELECT * FROM `mss_goods` WHERE ( `id` IN () ) 
NOTIC: [2] Invalid argument supplied for foreach() D:\phpStudy\WWW\shop\Index\Lib\Action\IndexAction.class.php 第 66 行.
SQL: SELECT * FROM `mss_goods` WHERE ( tuijian=1 AND issell=1 )  [ RunTime:0.000000s ]
SQL: SELECT * FROM `mss_goods` WHERE ( zuixin=1 AND issell=1 )  [ RunTime:0.001000s ]
SQL: SHOW COLUMNS FROM `mss_webconfig` [ RunTime:0.002001s ]
SQL: SELECT * FROM `mss_webconfig`  [ RunTime:0.000000s ]
SQL: SHOW COLUMNS FROM `mss_links` [ RunTime:0.002000s ]
SQL: SELECT * FROM `mss_webconfig`  [ RunTime:0.001000s ]
SQL: SELECT * FROM `mss_links`  [ RunTime:0.000000s ]
NOTIC: [8] Undefined index: item D:\phpStudy\WWW\shop\Index\Lib\Action\BaseAction.class.php 第 38 行.
NOTIC: [8] Undefined index: content D:\phpStudy\WWW\shop\Index\Lib\Action\BaseAction.class.php 第 38 行.
INFO: [ view_parse ] --START--
INFO: ParseTemplate Behavior ::run [ RunTime:0.019001s ]
INFO: [ view_parse ] --END-- [ RunTime:0.019001s ]
INFO: [ view_filter ] --START--
INFO: ContentReplace Behavior ::run [ RunTime:0.001000s ]
INFO: TokenBuild Behavior ::run [ RunTime:0.000000s ]
INFO: WriteHtmlCache Behavior ::run [ RunTime:0.001000s ]
INFO: ShowRuntime Behavior ::run [ RunTime:0.000000s ]
INFO: [ view_filter ] --END-- [ RunTime:0.002000s ]
INFO: [ view_end ] --START--
INFO: ShowPageTrace Behavior ::run [ RunTime:0.001000s ]
INFO: [ view_end ] --END-- [ RunTime:0.001000s ]

