[ 2017-08-24T09:37:18+08:00 ] 127.0.0.1 /
INFO: [ route_check ] --START--
INFO: CheckRoute Behavior ::run [ RunTime:0.000000s ]
INFO: [ route_check ] --END-- [ RunTime:0.000000s ]
INFO: [ app_begin ] --START--
INFO: ReadHtmlCache Behavior ::run [ RunTime:0.000000s ]
INFO: [ app_begin ] --END-- [ RunTime:0.000000s ]
SQL: SHOW COLUMNS FROM `mss_goods_category` [ RunTime:0.031200s ]
SQL: SELECT * FROM `mss_goods_category` WHERE ( sid=0 )  [ RunTime:0.000000s ]
SQL: SELECT * FROM `mss_goods_category`  [ RunTime:0.000000s ]
SQL: SHOW COLUMNS FROM `mss_carts` [ RunTime:0.031200s ]
SQL: SELECT * FROM `mss_carts` WHERE ( uid=1 )  [ RunTime:0.000000s ]
NOTIC: [2] Invalid argument supplied for foreach() D:\phpStudy\WWW\shop\Index\Lib\Action\IndexAction.class.php 第 56 行.
SQL: SHOW COLUMNS FROM `mss_goods` [ RunTime:0.015600s ]
SQL: SELECT * FROM `mss_goods` WHERE ( `id` IN () )  [ RunTime:0.000000s ]
ERR: 1064:You have an error in your SQL syntax; check the manual that corresponds to your MySQL server version for the right syntax to use near ') )' at line 1
 [ SQL语句 ] : SELECT * FROM `mss_goods` WHERE ( `id` IN () ) 
NOTIC: [2] Invalid argument supplied for foreach() D:\phpStudy\WWW\shop\Index\Lib\Action\IndexAction.class.php 第 66 行.
SQL: SELECT * FROM `mss_goods` WHERE ( tuijian=1 AND issell=1 )  [ RunTime:0.000000s ]
SQL: SELECT * FROM `mss_goods` WHERE ( zuixin=1 AND issell=1 )  [ RunTime:0.000000s ]
SQL: SHOW COLUMNS FROM `mss_webconfig` [ RunTime:0.015600s ]
SQL: SELECT * FROM `mss_webconfig`  [ RunTime:0.015601s ]
SQL: SHOW COLUMNS FROM `mss_links` [ RunTime:0.000000s ]
SQL: SELECT * FROM `mss_webconfig`  [ RunTime:0.000000s ]
SQL: SELECT * FROM `mss_links`  [ RunTime:0.000000s ]
NOTIC: [8] Undefined index: item D:\phpStudy\WWW\shop\Index\Lib\Action\BaseAction.class.php 第 38 行.
NOTIC: [8] Undefined index: content D:\phpStudy\WWW\shop\Index\Lib\Action\BaseAction.class.php 第 38 行.
INFO: [ view_parse ] --START--
INFO: ParseTemplate Behavior ::run [ RunTime:0.078000s ]
INFO: [ view_parse ] --END-- [ RunTime:0.078000s ]
INFO: [ view_filter ] --START--
INFO: ContentReplace Behavior ::run [ RunTime:0.000000s ]
INFO: TokenBuild Behavior ::run [ RunTime:0.000000s ]
INFO: WriteHtmlCache Behavior ::run [ RunTime:0.000000s ]
INFO: ShowRuntime Behavior ::run [ RunTime:0.000000s ]
INFO: [ view_filter ] --END-- [ RunTime:0.000000s ]
INFO: [ view_end ] --START--
INFO: ShowPageTrace Behavior ::run [ RunTime:0.000000s ]
INFO: [ view_end ] --END-- [ RunTime:0.000000s ]

[ 2017-08-24T14:08:14+08:00 ] 127.0.0.1 /
INFO: [ route_check ] --START--
INFO: CheckRoute Behavior ::run [ RunTime:0.001000s ]
INFO: [ route_check ] --END-- [ RunTime:0.001000s ]
INFO: [ app_begin ] --START--
INFO: ReadHtmlCache Behavior ::run [ RunTime:0.000000s ]
INFO: [ app_begin ] --END-- [ RunTime:0.000000s ]
SQL: SHOW COLUMNS FROM `mss_goods_category` [ RunTime:0.004000s ]
SQL: SELECT * FROM `mss_goods_category` WHERE ( sid=0 )  [ RunTime:0.000000s ]
SQL: SELECT * FROM `mss_goods_category`  [ RunTime:0.000000s ]
SQL: SHOW COLUMNS FROM `mss_carts` [ RunTime:0.006001s ]
SQL: SELECT * FROM `mss_carts` WHERE ( uid=1 )  [ RunTime:0.000000s ]
NOTIC: [2] Invalid argument supplied for foreach() D:\phpStudy\WWW\shop\Index\Lib\Action\IndexAction.class.php 第 56 行.
SQL: SHOW COLUMNS FROM `mss_goods` [ RunTime:0.003000s ]
SQL: SELECT * FROM `mss_goods` WHERE ( `id` IN () )  [ RunTime:0.008000s ]
ERR: 1064:You have an error in your SQL syntax; check the manual that corresponds to your MySQL server version for the right syntax to use near ') )' at line 1
 [ SQL语句 ] : SELECT * FROM `mss_goods` WHERE ( `id` IN () ) 
NOTIC: [2] Invalid argument supplied for foreach() D:\phpStudy\WWW\shop\Index\Lib\Action\IndexAction.class.php 第 66 行.
SQL: SELECT * FROM `mss_goods` WHERE ( tuijian=1 AND issell=1 )  [ RunTime:0.000000s ]
SQL: SELECT * FROM `mss_goods` WHERE ( zuixin=1 AND issell=1 )  [ RunTime:0.000000s ]
SQL: SHOW COLUMNS FROM `mss_webconfig` [ RunTime:0.013001s ]
SQL: SELECT * FROM `mss_webconfig`  [ RunTime:0.009000s ]
SQL: SHOW COLUMNS FROM `mss_links` [ RunTime:0.023002s ]
SQL: SELECT * FROM `mss_webconfig`  [ RunTime:0.000000s ]
SQL: SELECT * FROM `mss_links`  [ RunTime:0.000000s ]
NOTIC: [8] Undefined index: item D:\phpStudy\WWW\shop\Index\Lib\Action\BaseAction.class.php 第 38 行.
NOTIC: [8] Undefined index: content D:\phpStudy\WWW\shop\Index\Lib\Action\BaseAction.class.php 第 38 行.
INFO: [ view_parse ] --START--
INFO: ParseTemplate Behavior ::run [ RunTime:0.058003s ]
INFO: [ view_parse ] --END-- [ RunTime:0.058003s ]
INFO: [ view_filter ] --START--
INFO: ContentReplace Behavior ::run [ RunTime:0.001000s ]
INFO: TokenBuild Behavior ::run [ RunTime:0.001000s ]
INFO: WriteHtmlCache Behavior ::run [ RunTime:0.000000s ]
INFO: ShowRuntime Behavior ::run [ RunTime:0.001000s ]
INFO: [ view_filter ] --END-- [ RunTime:0.003000s ]
INFO: [ view_end ] --START--
INFO: ShowPageTrace Behavior ::run [ RunTime:0.001000s ]
INFO: [ view_end ] --END-- [ RunTime:0.001000s ]

[ 2017-08-24T14:08:18+08:00 ] 127.0.0.1 /Register/register
INFO: [ route_check ] --START--
INFO: CheckRoute Behavior ::run [ RunTime:0.001000s ]
INFO: [ route_check ] --END-- [ RunTime:0.001000s ]
INFO: [ app_begin ] --START--
INFO: ReadHtmlCache Behavior ::run [ RunTime:0.000000s ]
INFO: [ app_begin ] --END-- [ RunTime:0.000000s ]
SQL: SHOW COLUMNS FROM `mss_webconfig` [ RunTime:0.008000s ]
SQL: SELECT * FROM `mss_webconfig`  [ RunTime:0.000000s ]
SQL: SHOW COLUMNS FROM `mss_links` [ RunTime:0.007001s ]
SQL: SELECT * FROM `mss_webconfig`  [ RunTime:0.000000s ]
SQL: SELECT * FROM `mss_links`  [ RunTime:0.001000s ]
NOTIC: [8] Undefined index: item D:\phpStudy\WWW\shop\Index\Lib\Action\BaseAction.class.php 第 38 行.
NOTIC: [8] Undefined index: content D:\phpStudy\WWW\shop\Index\Lib\Action\BaseAction.class.php 第 38 行.
INFO: [ view_parse ] --START--
INFO: ParseTemplate Behavior ::run [ RunTime:0.011001s ]
INFO: [ view_parse ] --END-- [ RunTime:0.011001s ]
INFO: [ view_filter ] --START--
INFO: ContentReplace Behavior ::run [ RunTime:0.000000s ]
INFO: TokenBuild Behavior ::run [ RunTime:0.001000s ]
INFO: WriteHtmlCache Behavior ::run [ RunTime:0.000000s ]
INFO: ShowRuntime Behavior ::run [ RunTime:0.001000s ]
INFO: [ view_filter ] --END-- [ RunTime:0.002000s ]
INFO: [ view_end ] --START--
INFO: ShowPageTrace Behavior ::run [ RunTime:0.001000s ]
INFO: [ view_end ] --END-- [ RunTime:0.001000s ]

[ 2017-08-24T14:08:18+08:00 ] 127.0.0.1 /index.php/register/verify/
INFO: [ route_check ] --START--
INFO: CheckRoute Behavior ::run [ RunTime:0.001000s ]
INFO: [ route_check ] --END-- [ RunTime:0.001000s ]
INFO: [ app_begin ] --START--
INFO: ReadHtmlCache Behavior ::run [ RunTime:0.000000s ]
INFO: [ app_begin ] --END-- [ RunTime:0.000000s ]
SQL: SHOW COLUMNS FROM `mss_goods_category` [ RunTime:0.004000s ]
SQL: SELECT * FROM `mss_goods_category` WHERE ( sid=0 )  [ RunTime:0.000000s ]
SQL: SELECT * FROM `mss_goods_category`  [ RunTime:0.000000s ]
SQL: SHOW COLUMNS FROM `mss_carts` [ RunTime:0.004000s ]
SQL: SELECT * FROM `mss_carts` WHERE ( uid=1 )  [ RunTime:0.000000s ]
NOTIC: [2] Invalid argument supplied for foreach() D:\phpStudy\WWW\shop\Index\Lib\Action\IndexAction.class.php 第 56 行.
SQL: SHOW COLUMNS FROM `mss_goods` [ RunTime:0.004000s ]
SQL: SELECT * FROM `mss_goods` WHERE ( `id` IN () )  [ RunTime:0.000000s ]
ERR: 1064:You have an error in your SQL syntax; check the manual that corresponds to your MySQL server version for the right syntax to use near ') )' at line 1
 [ SQL语句 ] : SELECT * FROM `mss_goods` WHERE ( `id` IN () ) 
NOTIC: [2] Invalid argument supplied for foreach() D:\phpStudy\WWW\shop\Index\Lib\Action\IndexAction.class.php 第 66 行.
SQL: SELECT * FROM `mss_goods` WHERE ( tuijian=1 AND issell=1 )  [ RunTime:0.000000s ]
SQL: SELECT * FROM `mss_goods` WHERE ( zuixin=1 AND issell=1 )  [ RunTime:0.000000s ]
SQL: SHOW COLUMNS FROM `mss_webconfig` [ RunTime:0.004000s ]
SQL: SELECT * FROM `mss_webconfig`  [ RunTime:0.000000s ]
SQL: SHOW COLUMNS FROM `mss_links` [ RunTime:0.004000s ]
SQL: SELECT * FROM `mss_webconfig`  [ RunTime:0.001000s ]
SQL: SELECT * FROM `mss_links`  [ RunTime:0.000000s ]
NOTIC: [8] Undefined index: item D:\phpStudy\WWW\shop\Index\Lib\Action\BaseAction.class.php 第 38 行.
NOTIC: [8] Undefined index: content D:\phpStudy\WWW\shop\Index\Lib\Action\BaseAction.class.php 第 38 行.
INFO: [ view_parse ] --START--
INFO: ParseTemplate Behavior ::run [ RunTime:0.027002s ]
INFO: [ view_parse ] --END-- [ RunTime:0.027002s ]
INFO: [ view_filter ] --START--
INFO: ContentReplace Behavior ::run [ RunTime:0.001000s ]
INFO: TokenBuild Behavior ::run [ RunTime:0.000000s ]
INFO: WriteHtmlCache Behavior ::run [ RunTime:0.000000s ]
INFO: ShowRuntime Behavior ::run [ RunTime:0.000000s ]
INFO: [ view_filter ] --END-- [ RunTime:0.001000s ]
INFO: [ view_end ] --START--
INFO: ShowPageTrace Behavior ::run [ RunTime:0.000000s ]
INFO: [ view_end ] --END-- [ RunTime:0.000000s ]

[ 2017-08-24T16:53:22+08:00 ] 127.0.0.1 /Register/register
INFO: [ route_check ] --START--
INFO: CheckRoute Behavior ::run [ RunTime:0.000000s ]
INFO: [ route_check ] --END-- [ RunTime:0.000000s ]
INFO: [ app_begin ] --START--
INFO: ReadHtmlCache Behavior ::run [ RunTime:0.000000s ]
INFO: [ app_begin ] --END-- [ RunTime:0.000000s ]
SQL: SHOW COLUMNS FROM `mss_webconfig` [ RunTime:0.002000s ]
SQL: SELECT * FROM `mss_webconfig`  [ RunTime:0.001000s ]
SQL: SHOW COLUMNS FROM `mss_links` [ RunTime:0.003000s ]
SQL: SELECT * FROM `mss_webconfig`  [ RunTime:0.000000s ]
SQL: SELECT * FROM `mss_links`  [ RunTime:0.000000s ]
NOTIC: [8] Undefined index: item D:\phpStudy\WWW\shop\Index\Lib\Action\BaseAction.class.php 第 38 行.
NOTIC: [8] Undefined index: content D:\phpStudy\WWW\shop\Index\Lib\Action\BaseAction.class.php 第 38 行.
INFO: [ view_parse ] --START--
INFO: ParseTemplate Behavior ::run [ RunTime:0.008001s ]
INFO: [ view_parse ] --END-- [ RunTime:0.008001s ]
INFO: [ view_filter ] --START--
INFO: ContentReplace Behavior ::run [ RunTime:0.000000s ]
INFO: TokenBuild Behavior ::run [ RunTime:0.000000s ]
INFO: WriteHtmlCache Behavior ::run [ RunTime:0.000000s ]
INFO: ShowRuntime Behavior ::run [ RunTime:0.001000s ]
INFO: [ view_filter ] --END-- [ RunTime:0.001000s ]
INFO: [ view_end ] --START--
INFO: ShowPageTrace Behavior ::run [ RunTime:0.000000s ]
INFO: [ view_end ] --END-- [ RunTime:0.000000s ]

[ 2017-08-24T16:53:22+08:00 ] 127.0.0.1 /index.php/register/verify/
INFO: [ route_check ] --START--
INFO: CheckRoute Behavior ::run [ RunTime:0.000000s ]
INFO: [ route_check ] --END-- [ RunTime:0.000000s ]
INFO: [ app_begin ] --START--
INFO: ReadHtmlCache Behavior ::run [ RunTime:0.001000s ]
INFO: [ app_begin ] --END-- [ RunTime:0.001000s ]
SQL: SHOW COLUMNS FROM `mss_goods_category` [ RunTime:0.002001s ]
SQL: SELECT * FROM `mss_goods_category` WHERE ( sid=0 )  [ RunTime:0.000000s ]
SQL: SELECT * FROM `mss_goods_category`  [ RunTime:0.000000s ]
SQL: SHOW COLUMNS FROM `mss_carts` [ RunTime:0.002000s ]
SQL: SELECT * FROM `mss_carts` WHERE ( uid=1 )  [ RunTime:0.000000s ]
NOTIC: [2] Invalid argument supplied for foreach() D:\phpStudy\WWW\shop\Index\Lib\Action\IndexAction.class.php 第 56 行.
SQL: SHOW COLUMNS FROM `mss_goods` [ RunTime:0.002000s ]
SQL: SELECT * FROM `mss_goods` WHERE ( `id` IN () )  [ RunTime:0.000000s ]
ERR: 1064:You have an error in your SQL syntax; check the manual that corresponds to your MySQL server version for the right syntax to use near ') )' at line 1
 [ SQL语句 ] : SELECT * FROM `mss_goods` WHERE ( `id` IN () ) 
NOTIC: [2] Invalid argument supplied for foreach() D:\phpStudy\WWW\shop\Index\Lib\Action\IndexAction.class.php 第 66 行.
SQL: SELECT * FROM `mss_goods` WHERE ( tuijian=1 AND issell=1 )  [ RunTime:0.001000s ]
SQL: SELECT * FROM `mss_goods` WHERE ( zuixin=1 AND issell=1 )  [ RunTime:0.000000s ]
SQL: SHOW COLUMNS FROM `mss_webconfig` [ RunTime:0.002000s ]
SQL: SELECT * FROM `mss_webconfig`  [ RunTime:0.000000s ]
SQL: SHOW COLUMNS FROM `mss_links` [ RunTime:0.003000s ]
SQL: SELECT * FROM `mss_webconfig`  [ RunTime:0.000000s ]
SQL: SELECT * FROM `mss_links`  [ RunTime:0.000000s ]
NOTIC: [8] Undefined index: item D:\phpStudy\WWW\shop\Index\Lib\Action\BaseAction.class.php 第 38 行.
NOTIC: [8] Undefined index: content D:\phpStudy\WWW\shop\Index\Lib\Action\BaseAction.class.php 第 38 行.
INFO: [ view_parse ] --START--
INFO: ParseTemplate Behavior ::run [ RunTime:0.019001s ]
INFO: [ view_parse ] --END-- [ RunTime:0.019001s ]
INFO: [ view_filter ] --START--
INFO: ContentReplace Behavior ::run [ RunTime:0.000000s ]
INFO: TokenBuild Behavior ::run [ RunTime:0.001001s ]
INFO: WriteHtmlCache Behavior ::run [ RunTime:0.000000s ]
INFO: ShowRuntime Behavior ::run [ RunTime:0.000000s ]
INFO: [ view_filter ] --END-- [ RunTime:0.001001s ]
INFO: [ view_end ] --START--
INFO: ShowPageTrace Behavior ::run [ RunTime:0.001000s ]
INFO: [ view_end ] --END-- [ RunTime:0.001000s ]

[ 2017-08-24T17:55:09+08:00 ] 127.0.0.1 /index.php/Index/index
INFO: [ route_check ] --START--
INFO: CheckRoute Behavior ::run [ RunTime:0.001000s ]
INFO: [ route_check ] --END-- [ RunTime:0.001000s ]
INFO: [ app_begin ] --START--
INFO: ReadHtmlCache Behavior ::run [ RunTime:0.001000s ]
INFO: [ app_begin ] --END-- [ RunTime:0.001000s ]
SQL: SHOW COLUMNS FROM `mss_goods_category` [ RunTime:0.002000s ]
SQL: SELECT * FROM `mss_goods_category` WHERE ( sid=0 )  [ RunTime:0.000000s ]
SQL: SELECT * FROM `mss_goods_category`  [ RunTime:0.000000s ]
SQL: SHOW COLUMNS FROM `mss_carts` [ RunTime:0.002000s ]
SQL: SELECT * FROM `mss_carts` WHERE ( uid=1 )  [ RunTime:0.001000s ]
NOTIC: [2] Invalid argument supplied for foreach() D:\phpStudy\WWW\shop\Index\Lib\Action\IndexAction.class.php 第 56 行.
SQL: SHOW COLUMNS FROM `mss_goods` [ RunTime:0.002000s ]
SQL: SELECT * FROM `mss_goods` WHERE ( `id` IN () )  [ RunTime:0.000000s ]
ERR: 1064:You have an error in your SQL syntax; check the manual that corresponds to your MySQL server version for the right syntax to use near ') )' at line 1
 [ SQL语句 ] : SELECT * FROM `mss_goods` WHERE ( `id` IN () ) 
NOTIC: [2] Invalid argument supplied for foreach() D:\phpStudy\WWW\shop\Index\Lib\Action\IndexAction.class.php 第 66 行.
SQL: SELECT * FROM `mss_goods` WHERE ( tuijian=1 AND issell=1 )  [ RunTime:0.001000s ]
SQL: SELECT * FROM `mss_goods` WHERE ( zuixin=1 AND issell=1 )  [ RunTime:0.000000s ]
SQL: SHOW COLUMNS FROM `mss_webconfig` [ RunTime:0.002000s ]
SQL: SELECT * FROM `mss_webconfig`  [ RunTime:0.001000s ]
SQL: SHOW COLUMNS FROM `mss_links` [ RunTime:0.002000s ]
SQL: SELECT * FROM `mss_webconfig`  [ RunTime:0.000000s ]
SQL: SELECT * FROM `mss_links`  [ RunTime:0.001000s ]
NOTIC: [8] Undefined index: item D:\phpStudy\WWW\shop\Index\Lib\Action\BaseAction.class.php 第 38 行.
NOTIC: [8] Undefined index: content D:\phpStudy\WWW\shop\Index\Lib\Action\BaseAction.class.php 第 38 行.
INFO: [ view_parse ] --START--
INFO: ParseTemplate Behavior ::run [ RunTime:0.012001s ]
INFO: [ view_parse ] --END-- [ RunTime:0.012001s ]
INFO: [ view_filter ] --START--
INFO: ContentReplace Behavior ::run [ RunTime:0.001000s ]
INFO: TokenBuild Behavior ::run [ RunTime:0.000000s ]
INFO: WriteHtmlCache Behavior ::run [ RunTime:0.000000s ]
INFO: ShowRuntime Behavior ::run [ RunTime:0.000000s ]
INFO: [ view_filter ] --END-- [ RunTime:0.001000s ]
INFO: [ view_end ] --START--
INFO: ShowPageTrace Behavior ::run [ RunTime:0.000000s ]
INFO: [ view_end ] --END-- [ RunTime:0.000000s ]

[ 2017-08-24T17:55:22+08:00 ] 127.0.0.1 /index.php/Products/product/id/1
INFO: [ route_check ] --START--
INFO: CheckRoute Behavior ::run [ RunTime:0.001000s ]
INFO: [ route_check ] --END-- [ RunTime:0.001000s ]
INFO: [ app_begin ] --START--
INFO: ReadHtmlCache Behavior ::run [ RunTime:0.000000s ]
INFO: [ app_begin ] --END-- [ RunTime:0.001000s ]
SQL: SHOW COLUMNS FROM `mss_goods_category` [ RunTime:0.011001s ]
SQL: SELECT * FROM `mss_goods_category` WHERE ( sid=0 )  [ RunTime:0.000000s ]
SQL: SELECT * FROM `mss_goods_category`  [ RunTime:0.000000s ]
SQL: SHOW COLUMNS FROM `mss_carts` [ RunTime:0.002000s ]
SQL: SELECT * FROM `mss_carts` WHERE ( uid=1 )  [ RunTime:0.000000s ]
NOTIC: [2] Invalid argument supplied for foreach() D:\phpStudy\WWW\shop\Index\Lib\Action\IndexAction.class.php 第 56 行.
SQL: SHOW COLUMNS FROM `mss_goods` [ RunTime:0.002000s ]
SQL: SELECT * FROM `mss_goods` WHERE ( `id` IN () )  [ RunTime:0.000000s ]
ERR: 1064:You have an error in your SQL syntax; check the manual that corresponds to your MySQL server version for the right syntax to use near ') )' at line 1
 [ SQL语句 ] : SELECT * FROM `mss_goods` WHERE ( `id` IN () ) 
NOTIC: [2] Invalid argument supplied for foreach() D:\phpStudy\WWW\shop\Index\Lib\Action\IndexAction.class.php 第 66 行.
SQL: SELECT * FROM `mss_goods` WHERE ( tuijian=1 AND issell=1 )  [ RunTime:0.000000s ]
SQL: SELECT * FROM `mss_goods` WHERE ( zuixin=1 AND issell=1 )  [ RunTime:0.000000s ]
SQL: SHOW COLUMNS FROM `mss_webconfig` [ RunTime:0.002000s ]
SQL: SELECT * FROM `mss_webconfig`  [ RunTime:0.000000s ]
SQL: SHOW COLUMNS FROM `mss_links` [ RunTime:0.003000s ]
SQL: SELECT * FROM `mss_webconfig`  [ RunTime:0.000000s ]
SQL: SELECT * FROM `mss_links`  [ RunTime:0.000000s ]
NOTIC: [8] Undefined index: item D:\phpStudy\WWW\shop\Index\Lib\Action\BaseAction.class.php 第 38 行.
NOTIC: [8] Undefined index: content D:\phpStudy\WWW\shop\Index\Lib\Action\BaseAction.class.php 第 38 行.
INFO: [ view_parse ] --START--
INFO: ParseTemplate Behavior ::run [ RunTime:0.013001s ]
INFO: [ view_parse ] --END-- [ RunTime:0.013001s ]
INFO: [ view_filter ] --START--
INFO: ContentReplace Behavior ::run [ RunTime:0.001000s ]
INFO: TokenBuild Behavior ::run [ RunTime:0.000000s ]
INFO: WriteHtmlCache Behavior ::run [ RunTime:0.000000s ]
INFO: ShowRuntime Behavior ::run [ RunTime:0.001000s ]
INFO: [ view_filter ] --END-- [ RunTime:0.002000s ]
INFO: [ view_end ] --START--
INFO: ShowPageTrace Behavior ::run [ RunTime:0.001000s ]
INFO: [ view_end ] --END-- [ RunTime:0.001000s ]

