[ 2017-09-04T10:40:58+08:00 ] 127.0.0.1 /
INFO: [ route_check ] --START--
INFO: CheckRoute Behavior ::run [ RunTime:0.000000s ]
INFO: [ route_check ] --END-- [ RunTime:0.000000s ]
INFO: [ app_begin ] --START--
INFO: ReadHtmlCache Behavior ::run [ RunTime:0.001000s ]
INFO: [ app_begin ] --END-- [ RunTime:0.001000s ]
SQL: SHOW COLUMNS FROM `mss_goods_category` [ RunTime:0.030001s ]
SQL: SELECT * FROM `mss_goods_category` WHERE ( sid=0 )  [ RunTime:0.000000s ]
SQL: SELECT * FROM `mss_goods_category`  [ RunTime:0.001000s ]
SQL: SHOW COLUMNS FROM `mss_carts` [ RunTime:0.025002s ]
SQL: SELECT * FROM `mss_carts` WHERE ( uid=1 )  [ RunTime:0.000000s ]
NOTIC: [2] Invalid argument supplied for foreach() D:\phpStudy\WWW\shop\Index\Lib\Action\IndexAction.class.php 第 56 行.
SQL: SHOW COLUMNS FROM `mss_goods` [ RunTime:0.003000s ]
SQL: SELECT * FROM `mss_goods` WHERE ( `id` IN () )  [ RunTime:0.023001s ]
ERR: 1064:You have an error in your SQL syntax; check the manual that corresponds to your MySQL server version for the right syntax to use near ') )' at line 1
 [ SQL语句 ] : SELECT * FROM `mss_goods` WHERE ( `id` IN () ) 
NOTIC: [2] Invalid argument supplied for foreach() D:\phpStudy\WWW\shop\Index\Lib\Action\IndexAction.class.php 第 66 行.
SQL: SELECT * FROM `mss_goods` WHERE ( tuijian=1 AND issell=1 )  [ RunTime:0.001000s ]
SQL: SELECT * FROM `mss_goods` WHERE ( zuixin=1 AND issell=1 )  [ RunTime:0.000000s ]
SQL: SHOW COLUMNS FROM `mss_webconfig` [ RunTime:0.011000s ]
SQL: SELECT * FROM `mss_webconfig`  [ RunTime:0.012001s ]
SQL: SHOW COLUMNS FROM `mss_links` [ RunTime:0.002000s ]
SQL: SELECT * FROM `mss_webconfig`  [ RunTime:0.000000s ]
SQL: SELECT * FROM `mss_links`  [ RunTime:0.000000s ]
NOTIC: [8] Undefined index: item D:\phpStudy\WWW\shop\Index\Lib\Action\BaseAction.class.php 第 38 行.
NOTIC: [8] Undefined index: content D:\phpStudy\WWW\shop\Index\Lib\Action\BaseAction.class.php 第 38 行.
INFO: [ view_parse ] --START--
INFO: ParseTemplate Behavior ::run [ RunTime:0.051003s ]
INFO: [ view_parse ] --END-- [ RunTime:0.051003s ]
INFO: [ view_filter ] --START--
INFO: ContentReplace Behavior ::run [ RunTime:0.000000s ]
INFO: TokenBuild Behavior ::run [ RunTime:0.001000s ]
INFO: WriteHtmlCache Behavior ::run [ RunTime:0.000000s ]
INFO: ShowRuntime Behavior ::run [ RunTime:0.001000s ]
INFO: [ view_filter ] --END-- [ RunTime:0.002000s ]
INFO: [ view_end ] --START--
INFO: ShowPageTrace Behavior ::run [ RunTime:0.001000s ]
INFO: [ view_end ] --END-- [ RunTime:0.001000s ]

[ 2017-09-04T10:49:22+08:00 ] 127.0.0.1 /Products/product/id/4
INFO: [ route_check ] --START--
INFO: CheckRoute Behavior ::run [ RunTime:0.001000s ]
INFO: [ route_check ] --END-- [ RunTime:0.001000s ]
INFO: [ app_begin ] --START--
INFO: ReadHtmlCache Behavior ::run [ RunTime:0.001000s ]
INFO: [ app_begin ] --END-- [ RunTime:0.001000s ]
SQL: SHOW COLUMNS FROM `mss_goods` [ RunTime:0.002000s ]
SQL: SELECT * FROM `mss_goods` WHERE ( `id` = 4 ) LIMIT 1   [ RunTime:0.001000s ]
SQL: SHOW COLUMNS FROM `mss_goods_category` [ RunTime:0.001000s ]
SQL: SELECT * FROM `mss_goods_category` WHERE ( sid=0 )  [ RunTime:0.000000s ]
SQL: SELECT * FROM `mss_goods_category`  [ RunTime:0.000000s ]
SQL: SHOW COLUMNS FROM `mss_goods_type` [ RunTime:0.011001s ]
SQL: SELECT * FROM `mss_goods_type`  [ RunTime:0.000000s ]
SQL: SHOW COLUMNS FROM `mss_comment` [ RunTime:0.013000s ]
SQL: SELECT * FROM `mss_comment` WHERE ( gid=4 )  [ RunTime:0.000000s ]
SQL: SHOW COLUMNS FROM `mss_user` [ RunTime:0.002000s ]
NOTIC: [2] Invalid argument supplied for foreach() D:\phpStudy\WWW\shop\Index\Lib\Action\ProductsAction.class.php 第 234 行.
SQL: SELECT * FROM `mss_goods` WHERE ( tuijian=1 )  [ RunTime:0.000000s ]
SQL: SHOW COLUMNS FROM `mss_images` [ RunTime:0.018001s ]
SQL: SELECT * FROM `mss_images` WHERE ( `gid` = 4 ) LIMIT 1,3   [ RunTime:0.006001s ]
SQL: SHOW COLUMNS FROM `mss_webconfig` [ RunTime:0.002000s ]
SQL: SELECT * FROM `mss_webconfig`  [ RunTime:0.000000s ]
SQL: SHOW COLUMNS FROM `mss_links` [ RunTime:0.001000s ]
SQL: SELECT * FROM `mss_webconfig`  [ RunTime:0.000000s ]
SQL: SELECT * FROM `mss_links`  [ RunTime:0.001000s ]
NOTIC: [8] Undefined index: item D:\phpStudy\WWW\shop\Index\Lib\Action\BaseAction.class.php 第 38 行.
NOTIC: [8] Undefined index: content D:\phpStudy\WWW\shop\Index\Lib\Action\BaseAction.class.php 第 38 行.
INFO: [ view_parse ] --START--
INFO: ParseTemplate Behavior ::run [ RunTime:0.023001s ]
INFO: [ view_parse ] --END-- [ RunTime:0.023001s ]
INFO: [ view_filter ] --START--
INFO: ContentReplace Behavior ::run [ RunTime:0.000000s ]
INFO: TokenBuild Behavior ::run [ RunTime:0.001000s ]
INFO: WriteHtmlCache Behavior ::run [ RunTime:0.000000s ]
INFO: ShowRuntime Behavior ::run [ RunTime:0.000000s ]
INFO: [ view_filter ] --END-- [ RunTime:0.001000s ]
INFO: [ view_end ] --START--
INFO: ShowPageTrace Behavior ::run [ RunTime:0.000000s ]
INFO: [ view_end ] --END-- [ RunTime:0.000000s ]

[ 2017-09-04T14:06:21+08:00 ] 127.0.0.1 /Public/Uploads/special/%3C%7B[%7D%3E
INFO: [ route_check ] --START--
INFO: CheckRoute Behavior ::run [ RunTime:0.001000s ]
INFO: [ route_check ] --END-- [ RunTime:0.001000s ]
INFO: [ app_begin ] --START--
INFO: ReadHtmlCache Behavior ::run [ RunTime:0.000000s ]
INFO: [ app_begin ] --END-- [ RunTime:0.001001s ]
ERR: 非法操作:uploads

[ 2017-09-04T14:07:58+08:00 ] 127.0.0.1 /Public/Uploads/special/%3C%7B[%7D%3E
INFO: [ route_check ] --START--
INFO: CheckRoute Behavior ::run [ RunTime:0.001001s ]
INFO: [ route_check ] --END-- [ RunTime:0.001001s ]
INFO: [ app_begin ] --START--
INFO: ReadHtmlCache Behavior ::run [ RunTime:0.001000s ]
INFO: [ app_begin ] --END-- [ RunTime:0.001000s ]
ERR: 非法操作:uploads

[ 2017-09-04T14:08:52+08:00 ] 127.0.0.1 /Public/Uploads/special/%3C%7B[%7D%3E
INFO: [ route_check ] --START--
INFO: CheckRoute Behavior ::run [ RunTime:0.000000s ]
INFO: [ route_check ] --END-- [ RunTime:0.000000s ]
INFO: [ app_begin ] --START--
INFO: ReadHtmlCache Behavior ::run [ RunTime:0.000000s ]
INFO: [ app_begin ] --END-- [ RunTime:0.000000s ]
ERR: 非法操作:uploads

[ 2017-09-04T14:10:27+08:00 ] 127.0.0.1 /Public/Uploads/special/%3C%7B[%7D%3E
INFO: [ route_check ] --START--
INFO: CheckRoute Behavior ::run [ RunTime:0.001000s ]
INFO: [ route_check ] --END-- [ RunTime:0.001000s ]
INFO: [ app_begin ] --START--
INFO: ReadHtmlCache Behavior ::run [ RunTime:0.000000s ]
INFO: [ app_begin ] --END-- [ RunTime:0.000000s ]
ERR: 非法操作:uploads

[ 2017-09-04T14:11:50+08:00 ] 127.0.0.1 /Public/Uploads/special/%3C%7B[%7D%3E
INFO: [ route_check ] --START--
INFO: CheckRoute Behavior ::run [ RunTime:0.001000s ]
INFO: [ route_check ] --END-- [ RunTime:0.001000s ]
INFO: [ app_begin ] --START--
INFO: ReadHtmlCache Behavior ::run [ RunTime:0.001001s ]
INFO: [ app_begin ] --END-- [ RunTime:0.001001s ]
ERR: 非法操作:uploads

[ 2017-09-04T14:12:00+08:00 ] 127.0.0.1 /Public/Uploads/special/%3C%7B[%7D%3E
INFO: [ route_check ] --START--
INFO: CheckRoute Behavior ::run [ RunTime:0.001000s ]
INFO: [ route_check ] --END-- [ RunTime:0.001000s ]
INFO: [ app_begin ] --START--
INFO: ReadHtmlCache Behavior ::run [ RunTime:0.000000s ]
INFO: [ app_begin ] --END-- [ RunTime:0.000000s ]
ERR: 非法操作:uploads

[ 2017-09-04T14:15:22+08:00 ] 127.0.0.1 /Public/Uploads/special/%3C%7B[%7D%3E
INFO: [ route_check ] --START--
INFO: CheckRoute Behavior ::run [ RunTime:0.001000s ]
INFO: [ route_check ] --END-- [ RunTime:0.001000s ]
INFO: [ app_begin ] --START--
INFO: ReadHtmlCache Behavior ::run [ RunTime:0.000000s ]
INFO: [ app_begin ] --END-- [ RunTime:0.000000s ]
ERR: 非法操作:uploads

[ 2017-09-04T14:17:02+08:00 ] 127.0.0.1 /Public/Uploads/special/%3C%7B[%7D%3E
INFO: [ route_check ] --START--
INFO: CheckRoute Behavior ::run [ RunTime:0.000000s ]
INFO: [ route_check ] --END-- [ RunTime:0.000000s ]
INFO: [ app_begin ] --START--
INFO: ReadHtmlCache Behavior ::run [ RunTime:0.000000s ]
INFO: [ app_begin ] --END-- [ RunTime:0.000000s ]
ERR: 非法操作:uploads

[ 2017-09-04T14:17:44+08:00 ] 127.0.0.1 /Public/Uploads/special/%3C%7B[%7D%3E
INFO: [ route_check ] --START--
INFO: CheckRoute Behavior ::run [ RunTime:0.001000s ]
INFO: [ route_check ] --END-- [ RunTime:0.001000s ]
INFO: [ app_begin ] --START--
INFO: ReadHtmlCache Behavior ::run [ RunTime:0.000000s ]
INFO: [ app_begin ] --END-- [ RunTime:0.000000s ]
ERR: 非法操作:uploads

[ 2017-09-04T14:19:30+08:00 ] 127.0.0.1 /Public/Uploads/special/%3C%7B[%7D%3E
INFO: [ route_check ] --START--
INFO: CheckRoute Behavior ::run [ RunTime:0.000000s ]
INFO: [ route_check ] --END-- [ RunTime:0.000000s ]
INFO: [ app_begin ] --START--
INFO: ReadHtmlCache Behavior ::run [ RunTime:0.001000s ]
INFO: [ app_begin ] --END-- [ RunTime:0.001000s ]
ERR: 非法操作:uploads

[ 2017-09-04T14:21:57+08:00 ] 127.0.0.1 /Public/Uploads/special/%3C%7B[%7D%3E
INFO: [ route_check ] --START--
INFO: CheckRoute Behavior ::run [ RunTime:0.001000s ]
INFO: [ route_check ] --END-- [ RunTime:0.001000s ]
INFO: [ app_begin ] --START--
INFO: ReadHtmlCache Behavior ::run [ RunTime:0.001001s ]
INFO: [ app_begin ] --END-- [ RunTime:0.001001s ]
ERR: 非法操作:uploads

[ 2017-09-04T14:24:14+08:00 ] 127.0.0.1 /Public/Uploads/special/%3C%7B[%7D%3E
INFO: [ route_check ] --START--
INFO: CheckRoute Behavior ::run [ RunTime:0.001000s ]
INFO: [ route_check ] --END-- [ RunTime:0.001000s ]
INFO: [ app_begin ] --START--
INFO: ReadHtmlCache Behavior ::run [ RunTime:0.001000s ]
INFO: [ app_begin ] --END-- [ RunTime:0.001000s ]
ERR: 非法操作:uploads

[ 2017-09-04T14:24:59+08:00 ] 127.0.0.1 /Public/Uploads/special/%3C%7B[%7D%3E
INFO: [ route_check ] --START--
INFO: CheckRoute Behavior ::run [ RunTime:0.001000s ]
INFO: [ route_check ] --END-- [ RunTime:0.001000s ]
INFO: [ app_begin ] --START--
INFO: ReadHtmlCache Behavior ::run [ RunTime:0.000000s ]
INFO: [ app_begin ] --END-- [ RunTime:0.000000s ]
ERR: 非法操作:uploads

[ 2017-09-04T14:25:35+08:00 ] 127.0.0.1 /Public/Uploads/special/%3C%7B[%7D%3E
INFO: [ route_check ] --START--
INFO: CheckRoute Behavior ::run [ RunTime:0.000000s ]
INFO: [ route_check ] --END-- [ RunTime:0.000000s ]
INFO: [ app_begin ] --START--
INFO: ReadHtmlCache Behavior ::run [ RunTime:0.001000s ]
INFO: [ app_begin ] --END-- [ RunTime:0.001000s ]
ERR: 非法操作:uploads

[ 2017-09-04T14:26:32+08:00 ] 127.0.0.1 /Public/Uploads/special/%3C%7B[%7D%3E
INFO: [ route_check ] --START--
INFO: CheckRoute Behavior ::run [ RunTime:0.001000s ]
INFO: [ route_check ] --END-- [ RunTime:0.001000s ]
INFO: [ app_begin ] --START--
INFO: ReadHtmlCache Behavior ::run [ RunTime:0.001000s ]
INFO: [ app_begin ] --END-- [ RunTime:0.001000s ]
ERR: 非法操作:uploads

[ 2017-09-04T14:26:33+08:00 ] 127.0.0.1 /Public/Uploads/special/%3C%7B[%7D%3E
INFO: [ route_check ] --START--
INFO: CheckRoute Behavior ::run [ RunTime:0.001000s ]
INFO: [ route_check ] --END-- [ RunTime:0.001000s ]
INFO: [ app_begin ] --START--
INFO: ReadHtmlCache Behavior ::run [ RunTime:0.000000s ]
INFO: [ app_begin ] --END-- [ RunTime:0.000000s ]
ERR: 非法操作:uploads

[ 2017-09-04T14:28:25+08:00 ] 127.0.0.1 /Public/Uploads/special/%3C%7B[%7D%3E
INFO: [ route_check ] --START--
INFO: CheckRoute Behavior ::run [ RunTime:0.000000s ]
INFO: [ route_check ] --END-- [ RunTime:0.000000s ]
INFO: [ app_begin ] --START--
INFO: ReadHtmlCache Behavior ::run [ RunTime:0.001001s ]
INFO: [ app_begin ] --END-- [ RunTime:0.001001s ]
ERR: 非法操作:uploads

[ 2017-09-04T14:28:33+08:00 ] 127.0.0.1 /Public/Uploads/special/%3C%7B[%7D%3E
INFO: [ route_check ] --START--
INFO: CheckRoute Behavior ::run [ RunTime:0.000000s ]
INFO: [ route_check ] --END-- [ RunTime:0.000000s ]
INFO: [ app_begin ] --START--
INFO: ReadHtmlCache Behavior ::run [ RunTime:0.000000s ]
INFO: [ app_begin ] --END-- [ RunTime:0.000000s ]
ERR: 非法操作:uploads

[ 2017-09-04T14:29:43+08:00 ] 127.0.0.1 /Public/Uploads/special/%3C%7B[%7D%3E
INFO: [ route_check ] --START--
INFO: CheckRoute Behavior ::run [ RunTime:0.001000s ]
INFO: [ route_check ] --END-- [ RunTime:0.001000s ]
INFO: [ app_begin ] --START--
INFO: ReadHtmlCache Behavior ::run [ RunTime:0.001000s ]
INFO: [ app_begin ] --END-- [ RunTime:0.001000s ]
ERR: 非法操作:uploads

[ 2017-09-04T14:29:43+08:00 ] 127.0.0.1 /Public/Uploads/special/%3C%7B[%7D%3E
INFO: [ route_check ] --START--
INFO: CheckRoute Behavior ::run [ RunTime:0.000000s ]
INFO: [ route_check ] --END-- [ RunTime:0.001000s ]
INFO: [ app_begin ] --START--
INFO: ReadHtmlCache Behavior ::run [ RunTime:0.000000s ]
INFO: [ app_begin ] --END-- [ RunTime:0.001000s ]
ERR: 非法操作:uploads

[ 2017-09-04T14:31:14+08:00 ] 127.0.0.1 /Public/Uploads/special/%3C%7B[%7D%3E
INFO: [ route_check ] --START--
INFO: CheckRoute Behavior ::run [ RunTime:0.001000s ]
INFO: [ route_check ] --END-- [ RunTime:0.001000s ]
INFO: [ app_begin ] --START--
INFO: ReadHtmlCache Behavior ::run [ RunTime:0.001000s ]
INFO: [ app_begin ] --END-- [ RunTime:0.001000s ]
ERR: 非法操作:uploads

[ 2017-09-04T14:32:29+08:00 ] 127.0.0.1 /Public/Uploads/special/%3C%7B[%7D%3E
INFO: [ route_check ] --START--
INFO: CheckRoute Behavior ::run [ RunTime:0.000000s ]
INFO: [ route_check ] --END-- [ RunTime:0.000000s ]
INFO: [ app_begin ] --START--
INFO: ReadHtmlCache Behavior ::run [ RunTime:0.000000s ]
INFO: [ app_begin ] --END-- [ RunTime:0.000000s ]
ERR: 非法操作:uploads

[ 2017-09-04T14:33:19+08:00 ] 127.0.0.1 /Public/Uploads/special/%3C%7B[%7D%3E
INFO: [ route_check ] --START--
INFO: CheckRoute Behavior ::run [ RunTime:0.000000s ]
INFO: [ route_check ] --END-- [ RunTime:0.000000s ]
INFO: [ app_begin ] --START--
INFO: ReadHtmlCache Behavior ::run [ RunTime:0.000000s ]
INFO: [ app_begin ] --END-- [ RunTime:0.000000s ]
ERR: 非法操作:uploads

[ 2017-09-04T14:33:20+08:00 ] 127.0.0.1 /Public/Uploads/special/%3C%7B[%7D%3E
INFO: [ route_check ] --START--
INFO: CheckRoute Behavior ::run [ RunTime:0.000000s ]
INFO: [ route_check ] --END-- [ RunTime:0.000000s ]
INFO: [ app_begin ] --START--
INFO: ReadHtmlCache Behavior ::run [ RunTime:0.000000s ]
INFO: [ app_begin ] --END-- [ RunTime:0.000000s ]
ERR: 非法操作:uploads

[ 2017-09-04T14:34:06+08:00 ] 127.0.0.1 /Public/Uploads/special/%3C%7B[%7D%3E
INFO: [ route_check ] --START--
INFO: CheckRoute Behavior ::run [ RunTime:0.000000s ]
INFO: [ route_check ] --END-- [ RunTime:0.000000s ]
INFO: [ app_begin ] --START--
INFO: ReadHtmlCache Behavior ::run [ RunTime:0.001000s ]
INFO: [ app_begin ] --END-- [ RunTime:0.001000s ]
ERR: 非法操作:uploads

[ 2017-09-04T14:35:05+08:00 ] 127.0.0.1 /Public/Uploads/special/%3C%7B[%7D%3E
INFO: [ route_check ] --START--
INFO: CheckRoute Behavior ::run [ RunTime:0.000000s ]
INFO: [ route_check ] --END-- [ RunTime:0.000000s ]
INFO: [ app_begin ] --START--
INFO: ReadHtmlCache Behavior ::run [ RunTime:0.000000s ]
INFO: [ app_begin ] --END-- [ RunTime:0.001000s ]
ERR: 非法操作:uploads

